The system is: Darwin - 19.6.0 - x86_64
Compiling the C compiler identification source file "CMakeCCompilerId.c" succeeded.
Compiler: /usr/bin/clang 
Build flags: 
Id flags:  

The output was:
0


Compilation of the C compiler identification source "CMakeCCompilerId.c" produced "a.out"

The C compiler identification is AppleClang, found in "/Users/davood/Documents/Programing_field/dpgHPC/primalDPG_HPC/cmake-build-debug/CMakeFiles/3.14.3/CompilerIdC/a.out"

Compiling the CXX compiler identification source file "CMakeCXXCompilerId.cpp" succeeded.
Compiler: /usr/local/bin/g++-11 
Build flags: -std=c++11;-mfma;-fopenmp
Id flags:  

The output was:
0


Compilation of the CXX compiler identification source "CMakeCXXCompilerId.cpp" produced "a.out"

The CXX compiler identification is GNU, found in "/Users/davood/Documents/Programing_field/dpgHPC/primalDPG_HPC/cmake-build-debug/CMakeFiles/3.14.3/CompilerIdCXX/a.out"

Determining if the C compiler works passed with the following output:
Change Dir: /Users/davood/Documents/Programing_field/dpgHPC/primalDPG_HPC/cmake-build-debug/CMakeFiles/CMakeTmp

Run Build Command(s):/usr/local/bin/gmake cmTC_6195c/fast 
/usr/local/bin/gmake -f CMakeFiles/cmTC_6195c.dir/build.make CMakeFiles/cmTC_6195c.dir/build
gmake[1]: Entering directory '/Users/davood/Documents/Programing_field/dpgHPC/primalDPG_HPC/cmake-build-debug/CMakeFiles/CMakeTmp'
Building C object CMakeFiles/cmTC_6195c.dir/testCCompiler.c.o
/usr/bin/clang   -isysroot /Applications/Xcode.app/Contents/Developer/Platforms/MacOSX.platform/Developer/SDKs/MacOSX11.1.sdk -mmacosx-version-min=10.15   -o CMakeFiles/cmTC_6195c.dir/testCCompiler.c.o   -c /Users/davood/Documents/Programing_field/dpgHPC/primalDPG_HPC/cmake-build-debug/CMakeFiles/CMakeTmp/testCCompiler.c
Linking C executable cmTC_6195c
/Applications/CLion.app/Contents/bin/cmake/mac/bin/cmake -E cmake_link_script CMakeFiles/cmTC_6195c.dir/link.txt --verbose=1
/usr/bin/clang   -isysroot /Applications/Xcode.app/Contents/Developer/Platforms/MacOSX.platform/Developer/SDKs/MacOSX11.1.sdk -mmacosx-version-min=10.15 -Wl,-search_paths_first -Wl,-headerpad_max_install_names   CMakeFiles/cmTC_6195c.dir/testCCompiler.c.o  -o cmTC_6195c 
gmake[1]: Leaving directory '/Users/davood/Documents/Programing_field/dpgHPC/primalDPG_HPC/cmake-build-debug/CMakeFiles/CMakeTmp'


Detecting C compiler ABI info compiled with the following output:
Change Dir: /Users/davood/Documents/Programing_field/dpgHPC/primalDPG_HPC/cmake-build-debug/CMakeFiles/CMakeTmp

Run Build Command(s):/usr/local/bin/gmake cmTC_f6e1f/fast 
/usr/local/bin/gmake -f CMakeFiles/cmTC_f6e1f.dir/build.make CMakeFiles/cmTC_f6e1f.dir/build
gmake[1]: Entering directory '/Users/davood/Documents/Programing_field/dpgHPC/primalDPG_HPC/cmake-build-debug/CMakeFiles/CMakeTmp'
Building C object CMakeFiles/cmTC_f6e1f.dir/CMakeCCompilerABI.c.o
/usr/bin/clang   -isysroot /Applications/Xcode.app/Contents/Developer/Platforms/MacOSX.platform/Developer/SDKs/MacOSX11.1.sdk -mmacosx-version-min=10.15   -v -Wl,-v -o CMakeFiles/cmTC_f6e1f.dir/CMakeCCompilerABI.c.o   -c /Applications/CLion.app/Contents/bin/cmake/mac/share/cmake-3.14/Modules/CMakeCCompilerABI.c
Apple clang version 12.0.0 (clang-1200.0.32.29)
Target: x86_64-apple-darwin19.6.0
Thread model: posix
InstalledDir: /Applications/Xcode.app/Contents/Developer/Toolchains/XcodeDefault.xctoolchain/usr/bin
clang: warning: -Wl,-v: 'linker' input unused [-Wunused-command-line-argument]
 "/Applications/Xcode.app/Contents/Developer/Toolchains/XcodeDefault.xctoolchain/usr/bin/clang" -cc1 -triple x86_64-apple-macosx10.15.0 -Wdeprecated-objc-isa-usage -Werror=deprecated-objc-isa-usage -Werror=implicit-function-declaration -emit-obj -mrelax-all -disable-free -disable-llvm-verifier -discard-value-names -main-file-name CMakeCCompilerABI.c -mrelocation-model pic -pic-level 2 -mthread-model posix -mframe-pointer=all -fno-strict-return -masm-verbose -munwind-tables -target-sdk-version=11.1 -target-cpu penryn -dwarf-column-info -debugger-tuning=lldb -target-linker-version 609.8 -v -resource-dir /Applications/Xcode.app/Contents/Developer/Toolchains/XcodeDefault.xctoolchain/usr/lib/clang/12.0.0 -isysroot /Applications/Xcode.app/Contents/Developer/Platforms/MacOSX.platform/Developer/SDKs/MacOSX11.1.sdk -internal-isystem /Applications/Xcode.app/Contents/Developer/Platforms/MacOSX.platform/Developer/SDKs/MacOSX11.1.sdk/usr/local/include -internal-isystem /Applications/Xcode.app/Contents/Developer/Toolchains/XcodeDefault.xctoolchain/usr/lib/clang/12.0.0/include -internal-externc-isystem /Applications/Xcode.app/Contents/Developer/Platforms/MacOSX.platform/Developer/SDKs/MacOSX11.1.sdk/usr/include -internal-externc-isystem /Applications/Xcode.app/Contents/Developer/Toolchains/XcodeDefault.xctoolchain/usr/include -Wno-reorder-init-list -Wno-implicit-int-float-conversion -Wno-c99-designator -Wno-final-dtor-non-final-class -Wno-extra-semi-stmt -Wno-misleading-indentation -Wno-quoted-include-in-framework-header -Wno-implicit-fallthrough -Wno-enum-enum-conversion -Wno-enum-float-conversion -fdebug-compilation-dir /Users/davood/Documents/Programing_field/dpgHPC/primalDPG_HPC/cmake-build-debug/CMakeFiles/CMakeTmp -ferror-limit 19 -fmessage-length 0 -stack-protector 1 -fstack-check -mdarwin-stkchk-strong-link -fblocks -fencode-extended-block-signature -fregister-global-dtors-with-atexit -fgnuc-version=4.2.1 -fobjc-runtime=macosx-10.15.0 -fmax-type-align=16 -fdiagnostics-show-option -o CMakeFiles/cmTC_f6e1f.dir/CMakeCCompilerABI.c.o -x c /Applications/CLion.app/Contents/bin/cmake/mac/share/cmake-3.14/Modules/CMakeCCompilerABI.c
clang -cc1 version 12.0.0 (clang-1200.0.32.29) default target x86_64-apple-darwin19.6.0
ignoring nonexistent directory "/Applications/Xcode.app/Contents/Developer/Platforms/MacOSX.platform/Developer/SDKs/MacOSX11.1.sdk/usr/local/include"
ignoring nonexistent directory "/Applications/Xcode.app/Contents/Developer/Platforms/MacOSX.platform/Developer/SDKs/MacOSX11.1.sdk/Library/Frameworks"
#include "..." search starts here:
#include <...> search starts here:
 /Applications/Xcode.app/Contents/Developer/Toolchains/XcodeDefault.xctoolchain/usr/lib/clang/12.0.0/include
 /Applications/Xcode.app/Contents/Developer/Platforms/MacOSX.platform/Developer/SDKs/MacOSX11.1.sdk/usr/include
 /Applications/Xcode.app/Contents/Developer/Toolchains/XcodeDefault.xctoolchain/usr/include
 /Applications/Xcode.app/Contents/Developer/Platforms/MacOSX.platform/Developer/SDKs/MacOSX11.1.sdk/System/Library/Frameworks (framework directory)
End of search list.
Linking C executable cmTC_f6e1f
/Applications/CLion.app/Contents/bin/cmake/mac/bin/cmake -E cmake_link_script CMakeFiles/cmTC_f6e1f.dir/link.txt --verbose=1
/usr/bin/clang   -isysroot /Applications/Xcode.app/Contents/Developer/Platforms/MacOSX.platform/Developer/SDKs/MacOSX11.1.sdk -mmacosx-version-min=10.15 -Wl,-search_paths_first -Wl,-headerpad_max_install_names  -v -Wl,-v CMakeFiles/cmTC_f6e1f.dir/CMakeCCompilerABI.c.o  -o cmTC_f6e1f 
Apple clang version 12.0.0 (clang-1200.0.32.29)
Target: x86_64-apple-darwin19.6.0
Thread model: posix
InstalledDir: /Applications/Xcode.app/Contents/Developer/Toolchains/XcodeDefault.xctoolchain/usr/bin
 "/Applications/Xcode.app/Contents/Developer/Toolchains/XcodeDefault.xctoolchain/usr/bin/ld" -demangle -lto_library /Applications/Xcode.app/Contents/Developer/Toolchains/XcodeDefault.xctoolchain/usr/lib/libLTO.dylib -dynamic -arch x86_64 -platform_version macos 10.15.0 11.1 -syslibroot /Applications/Xcode.app/Contents/Developer/Platforms/MacOSX.platform/Developer/SDKs/MacOSX11.1.sdk -o cmTC_f6e1f -search_paths_first -headerpad_max_install_names -v CMakeFiles/cmTC_f6e1f.dir/CMakeCCompilerABI.c.o -lSystem /Applications/Xcode.app/Contents/Developer/Toolchains/XcodeDefault.xctoolchain/usr/lib/clang/12.0.0/lib/darwin/libclang_rt.osx.a
@(#)PROGRAM:ld  PROJECT:ld64-609.8
BUILD 15:07:46 Dec 18 2020
configured to support archs: armv6 armv7 armv7s arm64 arm64e arm64_32 i386 x86_64 x86_64h armv6m armv7k armv7m armv7em
Library search paths:
	/Applications/Xcode.app/Contents/Developer/Platforms/MacOSX.platform/Developer/SDKs/MacOSX11.1.sdk/usr/lib
Framework search paths:
	/Applications/Xcode.app/Contents/Developer/Platforms/MacOSX.platform/Developer/SDKs/MacOSX11.1.sdk/System/Library/Frameworks/
gmake[1]: Leaving directory '/Users/davood/Documents/Programing_field/dpgHPC/primalDPG_HPC/cmake-build-debug/CMakeFiles/CMakeTmp'


Parsed C implicit include dir info from above output: rv=done
  found start of include info
  found start of implicit include info
    add: [/Applications/Xcode.app/Contents/Developer/Toolchains/XcodeDefault.xctoolchain/usr/lib/clang/12.0.0/include]
    add: [/Applications/Xcode.app/Contents/Developer/Platforms/MacOSX.platform/Developer/SDKs/MacOSX11.1.sdk/usr/include]
    add: [/Applications/Xcode.app/Contents/Developer/Toolchains/XcodeDefault.xctoolchain/usr/include]
  end of search list found
  collapse include dir [/Applications/Xcode.app/Contents/Developer/Toolchains/XcodeDefault.xctoolchain/usr/lib/clang/12.0.0/include] ==> [/Applications/Xcode.app/Contents/Developer/Toolchains/XcodeDefault.xctoolchain/usr/lib/clang/12.0.0/include]
  collapse include dir [/Applications/Xcode.app/Contents/Developer/Platforms/MacOSX.platform/Developer/SDKs/MacOSX11.1.sdk/usr/include] ==> [/Applications/Xcode.app/Contents/Developer/Platforms/MacOSX.platform/Developer/SDKs/MacOSX11.1.sdk/usr/include]
  collapse include dir [/Applications/Xcode.app/Contents/Developer/Toolchains/XcodeDefault.xctoolchain/usr/include] ==> [/Applications/Xcode.app/Contents/Developer/Toolchains/XcodeDefault.xctoolchain/usr/include]
  implicit include dirs: [/Applications/Xcode.app/Contents/Developer/Toolchains/XcodeDefault.xctoolchain/usr/lib/clang/12.0.0/include;/Applications/Xcode.app/Contents/Developer/Platforms/MacOSX.platform/Developer/SDKs/MacOSX11.1.sdk/usr/include;/Applications/Xcode.app/Contents/Developer/Toolchains/XcodeDefault.xctoolchain/usr/include]


Parsed C implicit link information from above output:
  link line regex: [^( *|.*[/\])(ld|CMAKE_LINK_STARTFILE-NOTFOUND|([^/\]+-)?ld|collect2)[^/\]*( |$)]
  ignore line: [Change Dir: /Users/davood/Documents/Programing_field/dpgHPC/primalDPG_HPC/cmake-build-debug/CMakeFiles/CMakeTmp]
  ignore line: []
  ignore line: [Run Build Command(s):/usr/local/bin/gmake cmTC_f6e1f/fast ]
  ignore line: [/usr/local/bin/gmake -f CMakeFiles/cmTC_f6e1f.dir/build.make CMakeFiles/cmTC_f6e1f.dir/build]
  ignore line: [gmake[1]: Entering directory '/Users/davood/Documents/Programing_field/dpgHPC/primalDPG_HPC/cmake-build-debug/CMakeFiles/CMakeTmp']
  ignore line: [Building C object CMakeFiles/cmTC_f6e1f.dir/CMakeCCompilerABI.c.o]
  ignore line: [/usr/bin/clang   -isysroot /Applications/Xcode.app/Contents/Developer/Platforms/MacOSX.platform/Developer/SDKs/MacOSX11.1.sdk -mmacosx-version-min=10.15   -v -Wl,-v -o CMakeFiles/cmTC_f6e1f.dir/CMakeCCompilerABI.c.o   -c /Applications/CLion.app/Contents/bin/cmake/mac/share/cmake-3.14/Modules/CMakeCCompilerABI.c]
  ignore line: [Apple clang version 12.0.0 (clang-1200.0.32.29)]
  ignore line: [Target: x86_64-apple-darwin19.6.0]
  ignore line: [Thread model: posix]
  ignore line: [InstalledDir: /Applications/Xcode.app/Contents/Developer/Toolchains/XcodeDefault.xctoolchain/usr/bin]
  ignore line: [clang: warning: -Wl,-v: 'linker' input unused [-Wunused-command-line-argument]]
  ignore line: [ "/Applications/Xcode.app/Contents/Developer/Toolchains/XcodeDefault.xctoolchain/usr/bin/clang" -cc1 -triple x86_64-apple-macosx10.15.0 -Wdeprecated-objc-isa-usage -Werror=deprecated-objc-isa-usage -Werror=implicit-function-declaration -emit-obj -mrelax-all -disable-free -disable-llvm-verifier -discard-value-names -main-file-name CMakeCCompilerABI.c -mrelocation-model pic -pic-level 2 -mthread-model posix -mframe-pointer=all -fno-strict-return -masm-verbose -munwind-tables -target-sdk-version=11.1 -target-cpu penryn -dwarf-column-info -debugger-tuning=lldb -target-linker-version 609.8 -v -resource-dir /Applications/Xcode.app/Contents/Developer/Toolchains/XcodeDefault.xctoolchain/usr/lib/clang/12.0.0 -isysroot /Applications/Xcode.app/Contents/Developer/Platforms/MacOSX.platform/Developer/SDKs/MacOSX11.1.sdk -internal-isystem /Applications/Xcode.app/Contents/Developer/Platforms/MacOSX.platform/Developer/SDKs/MacOSX11.1.sdk/usr/local/include -internal-isystem /Applications/Xcode.app/Contents/Developer/Toolchains/XcodeDefault.xctoolchain/usr/lib/clang/12.0.0/include -internal-externc-isystem /Applications/Xcode.app/Contents/Developer/Platforms/MacOSX.platform/Developer/SDKs/MacOSX11.1.sdk/usr/include -internal-externc-isystem /Applications/Xcode.app/Contents/Developer/Toolchains/XcodeDefault.xctoolchain/usr/include -Wno-reorder-init-list -Wno-implicit-int-float-conversion -Wno-c99-designator -Wno-final-dtor-non-final-class -Wno-extra-semi-stmt -Wno-misleading-indentation -Wno-quoted-include-in-framework-header -Wno-implicit-fallthrough -Wno-enum-enum-conversion -Wno-enum-float-conversion -fdebug-compilation-dir /Users/davood/Documents/Programing_field/dpgHPC/primalDPG_HPC/cmake-build-debug/CMakeFiles/CMakeTmp -ferror-limit 19 -fmessage-length 0 -stack-protector 1 -fstack-check -mdarwin-stkchk-strong-link -fblocks -fencode-extended-block-signature -fregister-global-dtors-with-atexit -fgnuc-version=4.2.1 -fobjc-runtime=macosx-10.15.0 -fmax-type-align=16 -fdiagnostics-show-option -o CMakeFiles/cmTC_f6e1f.dir/CMakeCCompilerABI.c.o -x c /Applications/CLion.app/Contents/bin/cmake/mac/share/cmake-3.14/Modules/CMakeCCompilerABI.c]
  ignore line: [clang -cc1 version 12.0.0 (clang-1200.0.32.29) default target x86_64-apple-darwin19.6.0]
  ignore line: [ignoring nonexistent directory "/Applications/Xcode.app/Contents/Developer/Platforms/MacOSX.platform/Developer/SDKs/MacOSX11.1.sdk/usr/local/include"]
  ignore line: [ignoring nonexistent directory "/Applications/Xcode.app/Contents/Developer/Platforms/MacOSX.platform/Developer/SDKs/MacOSX11.1.sdk/Library/Frameworks"]
  ignore line: [#include "..." search starts here:]
  ignore line: [#include <...> search starts here:]
  ignore line: [ /Applications/Xcode.app/Contents/Developer/Toolchains/XcodeDefault.xctoolchain/usr/lib/clang/12.0.0/include]
  ignore line: [ /Applications/Xcode.app/Contents/Developer/Platforms/MacOSX.platform/Developer/SDKs/MacOSX11.1.sdk/usr/include]
  ignore line: [ /Applications/Xcode.app/Contents/Developer/Toolchains/XcodeDefault.xctoolchain/usr/include]
  ignore line: [ /Applications/Xcode.app/Contents/Developer/Platforms/MacOSX.platform/Developer/SDKs/MacOSX11.1.sdk/System/Library/Frameworks (framework directory)]
  ignore line: [End of search list.]
  ignore line: [Linking C executable cmTC_f6e1f]
  ignore line: [/Applications/CLion.app/Contents/bin/cmake/mac/bin/cmake -E cmake_link_script CMakeFiles/cmTC_f6e1f.dir/link.txt --verbose=1]
  ignore line: [/usr/bin/clang   -isysroot /Applications/Xcode.app/Contents/Developer/Platforms/MacOSX.platform/Developer/SDKs/MacOSX11.1.sdk -mmacosx-version-min=10.15 -Wl,-search_paths_first -Wl,-headerpad_max_install_names  -v -Wl,-v CMakeFiles/cmTC_f6e1f.dir/CMakeCCompilerABI.c.o  -o cmTC_f6e1f ]
  ignore line: [Apple clang version 12.0.0 (clang-1200.0.32.29)]
  ignore line: [Target: x86_64-apple-darwin19.6.0]
  ignore line: [Thread model: posix]
  ignore line: [InstalledDir: /Applications/Xcode.app/Contents/Developer/Toolchains/XcodeDefault.xctoolchain/usr/bin]
  link line: [ "/Applications/Xcode.app/Contents/Developer/Toolchains/XcodeDefault.xctoolchain/usr/bin/ld" -demangle -lto_library /Applications/Xcode.app/Contents/Developer/Toolchains/XcodeDefault.xctoolchain/usr/lib/libLTO.dylib -dynamic -arch x86_64 -platform_version macos 10.15.0 11.1 -syslibroot /Applications/Xcode.app/Contents/Developer/Platforms/MacOSX.platform/Developer/SDKs/MacOSX11.1.sdk -o cmTC_f6e1f -search_paths_first -headerpad_max_install_names -v CMakeFiles/cmTC_f6e1f.dir/CMakeCCompilerABI.c.o -lSystem /Applications/Xcode.app/Contents/Developer/Toolchains/XcodeDefault.xctoolchain/usr/lib/clang/12.0.0/lib/darwin/libclang_rt.osx.a]
    arg [/Applications/Xcode.app/Contents/Developer/Toolchains/XcodeDefault.xctoolchain/usr/bin/ld] ==> ignore
    arg [-demangle] ==> ignore
    arg [-lto_library] ==> ignore, skip following value
    arg [/Applications/Xcode.app/Contents/Developer/Toolchains/XcodeDefault.xctoolchain/usr/lib/libLTO.dylib] ==> skip value of -lto_library
    arg [-dynamic] ==> ignore
    arg [-arch] ==> ignore
    arg [x86_64] ==> ignore
    arg [-platform_version] ==> ignore
    arg [macos] ==> ignore
    arg [10.15.0] ==> ignore
    arg [11.1] ==> ignore
    arg [-syslibroot] ==> ignore
    arg [/Applications/Xcode.app/Contents/Developer/Platforms/MacOSX.platform/Developer/SDKs/MacOSX11.1.sdk] ==> ignore
    arg [-o] ==> ignore
    arg [cmTC_f6e1f] ==> ignore
    arg [-search_paths_first] ==> ignore
    arg [-headerpad_max_install_names] ==> ignore
    arg [-v] ==> ignore
    arg [CMakeFiles/cmTC_f6e1f.dir/CMakeCCompilerABI.c.o] ==> ignore
    arg [-lSystem] ==> lib [System]
    arg [/Applications/Xcode.app/Contents/Developer/Toolchains/XcodeDefault.xctoolchain/usr/lib/clang/12.0.0/lib/darwin/libclang_rt.osx.a] ==> lib [/Applications/Xcode.app/Contents/Developer/Toolchains/XcodeDefault.xctoolchain/usr/lib/clang/12.0.0/lib/darwin/libclang_rt.osx.a]
  Library search paths: [;/Applications/Xcode.app/Contents/Developer/Platforms/MacOSX.platform/Developer/SDKs/MacOSX11.1.sdk/usr/lib]
  Framework search paths: [;/Applications/Xcode.app/Contents/Developer/Platforms/MacOSX.platform/Developer/SDKs/MacOSX11.1.sdk/System/Library/Frameworks/]
  remove lib [System]
  remove lib [/Applications/Xcode.app/Contents/Developer/Toolchains/XcodeDefault.xctoolchain/usr/lib/clang/12.0.0/lib/darwin/libclang_rt.osx.a]
  collapse library dir [/Applications/Xcode.app/Contents/Developer/Platforms/MacOSX.platform/Developer/SDKs/MacOSX11.1.sdk/usr/lib] ==> [/Applications/Xcode.app/Contents/Developer/Platforms/MacOSX.platform/Developer/SDKs/MacOSX11.1.sdk/usr/lib]
  collapse framework dir [/Applications/Xcode.app/Contents/Developer/Platforms/MacOSX.platform/Developer/SDKs/MacOSX11.1.sdk/System/Library/Frameworks/] ==> [/Applications/Xcode.app/Contents/Developer/Platforms/MacOSX.platform/Developer/SDKs/MacOSX11.1.sdk/System/Library/Frameworks]
  implicit libs: []
  implicit dirs: [/Applications/Xcode.app/Contents/Developer/Platforms/MacOSX.platform/Developer/SDKs/MacOSX11.1.sdk/usr/lib]
  implicit fwks: [/Applications/Xcode.app/Contents/Developer/Platforms/MacOSX.platform/Developer/SDKs/MacOSX11.1.sdk/System/Library/Frameworks]




Detecting C [-std=c11] compiler features compiled with the following output:
Change Dir: /Users/davood/Documents/Programing_field/dpgHPC/primalDPG_HPC/cmake-build-debug/CMakeFiles/CMakeTmp

Run Build Command(s):/usr/local/bin/gmake cmTC_c53d0/fast 
/usr/local/bin/gmake -f CMakeFiles/cmTC_c53d0.dir/build.make CMakeFiles/cmTC_c53d0.dir/build
gmake[1]: Entering directory '/Users/davood/Documents/Programing_field/dpgHPC/primalDPG_HPC/cmake-build-debug/CMakeFiles/CMakeTmp'
Building C object CMakeFiles/cmTC_c53d0.dir/feature_tests.c.o
/usr/bin/clang   -isysroot /Applications/Xcode.app/Contents/Developer/Platforms/MacOSX.platform/Developer/SDKs/MacOSX11.1.sdk -mmacosx-version-min=10.15   -std=c11 -o CMakeFiles/cmTC_c53d0.dir/feature_tests.c.o   -c /Users/davood/Documents/Programing_field/dpgHPC/primalDPG_HPC/cmake-build-debug/CMakeFiles/feature_tests.c
Linking C executable cmTC_c53d0
/Applications/CLion.app/Contents/bin/cmake/mac/bin/cmake -E cmake_link_script CMakeFiles/cmTC_c53d0.dir/link.txt --verbose=1
/usr/bin/clang   -isysroot /Applications/Xcode.app/Contents/Developer/Platforms/MacOSX.platform/Developer/SDKs/MacOSX11.1.sdk -mmacosx-version-min=10.15 -Wl,-search_paths_first -Wl,-headerpad_max_install_names   CMakeFiles/cmTC_c53d0.dir/feature_tests.c.o  -o cmTC_c53d0 
gmake[1]: Leaving directory '/Users/davood/Documents/Programing_field/dpgHPC/primalDPG_HPC/cmake-build-debug/CMakeFiles/CMakeTmp'


    Feature record: C_FEATURE:1c_function_prototypes
    Feature record: C_FEATURE:1c_restrict
    Feature record: C_FEATURE:1c_static_assert
    Feature record: C_FEATURE:1c_variadic_macros


Detecting C [-std=c99] compiler features compiled with the following output:
Change Dir: /Users/davood/Documents/Programing_field/dpgHPC/primalDPG_HPC/cmake-build-debug/CMakeFiles/CMakeTmp

Run Build Command(s):/usr/local/bin/gmake cmTC_c4909/fast 
/usr/local/bin/gmake -f CMakeFiles/cmTC_c4909.dir/build.make CMakeFiles/cmTC_c4909.dir/build
gmake[1]: Entering directory '/Users/davood/Documents/Programing_field/dpgHPC/primalDPG_HPC/cmake-build-debug/CMakeFiles/CMakeTmp'
Building C object CMakeFiles/cmTC_c4909.dir/feature_tests.c.o
/usr/bin/clang   -isysroot /Applications/Xcode.app/Contents/Developer/Platforms/MacOSX.platform/Developer/SDKs/MacOSX11.1.sdk -mmacosx-version-min=10.15   -std=c99 -o CMakeFiles/cmTC_c4909.dir/feature_tests.c.o   -c /Users/davood/Documents/Programing_field/dpgHPC/primalDPG_HPC/cmake-build-debug/CMakeFiles/feature_tests.c
Linking C executable cmTC_c4909
/Applications/CLion.app/Contents/bin/cmake/mac/bin/cmake -E cmake_link_script CMakeFiles/cmTC_c4909.dir/link.txt --verbose=1
/usr/bin/clang   -isysroot /Applications/Xcode.app/Contents/Developer/Platforms/MacOSX.platform/Developer/SDKs/MacOSX11.1.sdk -mmacosx-version-min=10.15 -Wl,-search_paths_first -Wl,-headerpad_max_install_names   CMakeFiles/cmTC_c4909.dir/feature_tests.c.o  -o cmTC_c4909 
gmake[1]: Leaving directory '/Users/davood/Documents/Programing_field/dpgHPC/primalDPG_HPC/cmake-build-debug/CMakeFiles/CMakeTmp'


    Feature record: C_FEATURE:1c_function_prototypes
    Feature record: C_FEATURE:1c_restrict
    Feature record: C_FEATURE:0c_static_assert
    Feature record: C_FEATURE:1c_variadic_macros


Detecting C [-std=c90] compiler features compiled with the following output:
Change Dir: /Users/davood/Documents/Programing_field/dpgHPC/primalDPG_HPC/cmake-build-debug/CMakeFiles/CMakeTmp

Run Build Command(s):/usr/local/bin/gmake cmTC_ceed8/fast 
/usr/local/bin/gmake -f CMakeFiles/cmTC_ceed8.dir/build.make CMakeFiles/cmTC_ceed8.dir/build
gmake[1]: Entering directory '/Users/davood/Documents/Programing_field/dpgHPC/primalDPG_HPC/cmake-build-debug/CMakeFiles/CMakeTmp'
Building C object CMakeFiles/cmTC_ceed8.dir/feature_tests.c.o
/usr/bin/clang   -isysroot /Applications/Xcode.app/Contents/Developer/Platforms/MacOSX.platform/Developer/SDKs/MacOSX11.1.sdk -mmacosx-version-min=10.15   -std=c90 -o CMakeFiles/cmTC_ceed8.dir/feature_tests.c.o   -c /Users/davood/Documents/Programing_field/dpgHPC/primalDPG_HPC/cmake-build-debug/CMakeFiles/feature_tests.c
Linking C executable cmTC_ceed8
/Applications/CLion.app/Contents/bin/cmake/mac/bin/cmake -E cmake_link_script CMakeFiles/cmTC_ceed8.dir/link.txt --verbose=1
/usr/bin/clang   -isysroot /Applications/Xcode.app/Contents/Developer/Platforms/MacOSX.platform/Developer/SDKs/MacOSX11.1.sdk -mmacosx-version-min=10.15 -Wl,-search_paths_first -Wl,-headerpad_max_install_names   CMakeFiles/cmTC_ceed8.dir/feature_tests.c.o  -o cmTC_ceed8 
gmake[1]: Leaving directory '/Users/davood/Documents/Programing_field/dpgHPC/primalDPG_HPC/cmake-build-debug/CMakeFiles/CMakeTmp'


    Feature record: C_FEATURE:1c_function_prototypes
    Feature record: C_FEATURE:0c_restrict
    Feature record: C_FEATURE:0c_static_assert
    Feature record: C_FEATURE:0c_variadic_macros
Determining if the CXX compiler works passed with the following output:
Change Dir: /Users/davood/Documents/Programing_field/dpgHPC/primalDPG_HPC/cmake-build-debug/CMakeFiles/CMakeTmp

Run Build Command(s):/usr/local/bin/gmake cmTC_9f014/fast 
/usr/local/bin/gmake -f CMakeFiles/cmTC_9f014.dir/build.make CMakeFiles/cmTC_9f014.dir/build
gmake[1]: Entering directory '/Users/davood/Documents/Programing_field/dpgHPC/primalDPG_HPC/cmake-build-debug/CMakeFiles/CMakeTmp'
Building CXX object CMakeFiles/cmTC_9f014.dir/testCXXCompiler.cxx.o
/usr/local/bin/g++-11    -std=c++11 -mfma -fopenmp  -isysroot /Applications/Xcode.app/Contents/Developer/Platforms/MacOSX.platform/Developer/SDKs/MacOSX11.1.sdk -mmacosx-version-min=10.15   -o CMakeFiles/cmTC_9f014.dir/testCXXCompiler.cxx.o -c /Users/davood/Documents/Programing_field/dpgHPC/primalDPG_HPC/cmake-build-debug/CMakeFiles/CMakeTmp/testCXXCompiler.cxx
Linking CXX executable cmTC_9f014
/Applications/CLion.app/Contents/bin/cmake/mac/bin/cmake -E cmake_link_script CMakeFiles/cmTC_9f014.dir/link.txt --verbose=1
/usr/local/bin/g++-11  -std=c++11 -mfma -fopenmp  -isysroot /Applications/Xcode.app/Contents/Developer/Platforms/MacOSX.platform/Developer/SDKs/MacOSX11.1.sdk -mmacosx-version-min=10.15 -Wl,-search_paths_first -Wl,-headerpad_max_install_names   CMakeFiles/cmTC_9f014.dir/testCXXCompiler.cxx.o  -o cmTC_9f014 
gmake[1]: Leaving directory '/Users/davood/Documents/Programing_field/dpgHPC/primalDPG_HPC/cmake-build-debug/CMakeFiles/CMakeTmp'


Detecting CXX compiler ABI info compiled with the following output:
Change Dir: /Users/davood/Documents/Programing_field/dpgHPC/primalDPG_HPC/cmake-build-debug/CMakeFiles/CMakeTmp

Run Build Command(s):/usr/local/bin/gmake cmTC_3c543/fast 
/usr/local/bin/gmake -f CMakeFiles/cmTC_3c543.dir/build.make CMakeFiles/cmTC_3c543.dir/build
gmake[1]: Entering directory '/Users/davood/Documents/Programing_field/dpgHPC/primalDPG_HPC/cmake-build-debug/CMakeFiles/CMakeTmp'
Building CXX object CMakeFiles/cmTC_3c543.dir/CMakeCXXCompilerABI.cpp.o
/usr/local/bin/g++-11    -std=c++11 -mfma -fopenmp  -isysroot /Applications/Xcode.app/Contents/Developer/Platforms/MacOSX.platform/Developer/SDKs/MacOSX11.1.sdk -mmacosx-version-min=10.15   -v -Wl,-v -o CMakeFiles/cmTC_3c543.dir/CMakeCXXCompilerABI.cpp.o -c /Applications/CLion.app/Contents/bin/cmake/mac/share/cmake-3.14/Modules/CMakeCXXCompilerABI.cpp
Using built-in specs.
COLLECT_GCC=/usr/local/bin/g++-11
Target: x86_64-apple-darwin19
Configured with: ../configure --prefix=/usr/local/Cellar/gcc/11.2.0_2 --libdir=/usr/local/Cellar/gcc/11.2.0_2/lib/gcc/11 --disable-nls --enable-checking=release --with-gcc-major-version-only --enable-languages=c,c++,objc,obj-c++,fortran,d --program-suffix=-11 --with-gmp=/usr/local/opt/gmp --with-mpfr=/usr/local/opt/mpfr --with-mpc=/usr/local/opt/libmpc --with-isl=/usr/local/opt/isl --with-zstd=/usr/local/opt/zstd --with-pkgversion='Homebrew GCC 11.2.0_2' --with-bugurl=https://github.com/Homebrew/homebrew-core/issues --enable-libphobos --build=x86_64-apple-darwin19 --with-system-zlib --disable-multilib --with-native-system-header-dir=/usr/include --with-sysroot=/Library/Developer/CommandLineTools/SDKs/MacOSX10.15.sdk
Thread model: posix
Supported LTO compression algorithms: zlib zstd
gcc version 11.2.0 (Homebrew GCC 11.2.0_2) 
COLLECT_GCC_OPTIONS='-std=c++11' '-mfma' '-fopenmp' '-isysroot' '/Applications/Xcode.app/Contents/Developer/Platforms/MacOSX.platform/Developer/SDKs/MacOSX11.1.sdk' '-v' '-o' 'CMakeFiles/cmTC_3c543.dir/CMakeCXXCompilerABI.cpp.o' '-c' '-mmacosx-version-min=10.15' '-asm_macosx_version_min=10.15' '-shared-libgcc' '-mtune=core2' '-dumpdir' 'CMakeFiles/cmTC_3c543.dir/'
 /usr/local/Cellar/gcc/11.2.0_2/libexec/gcc/x86_64-apple-darwin19/11/cc1plus -quiet -v -D__DYNAMIC__ -isysroot /Applications/Xcode.app/Contents/Developer/Platforms/MacOSX.platform/Developer/SDKs/MacOSX11.1.sdk /Applications/CLion.app/Contents/bin/cmake/mac/share/cmake-3.14/Modules/CMakeCXXCompilerABI.cpp -fPIC -quiet -dumpdir CMakeFiles/cmTC_3c543.dir/ -dumpbase CMakeCXXCompilerABI.cpp.cpp -dumpbase-ext .cpp -mfma -mmacosx-version-min=10.15 -mtune=core2 -std=c++11 -version -fopenmp -o /var/folders/3s/w4m42c9s7_x69k_w3v29x4r00000gq/T//ccoouwuO.s
GNU C++11 (Homebrew GCC 11.2.0_2) version 11.2.0 (x86_64-apple-darwin19)
	compiled by GNU C version 11.2.0, GMP version 6.2.1, MPFR version 4.1.0, MPC version 1.2.1, isl version isl-0.24-GMP

GGC heuristics: --param ggc-min-expand=100 --param ggc-min-heapsize=131072
ignoring nonexistent directory "/Applications/Xcode.app/Contents/Developer/Platforms/MacOSX.platform/Developer/SDKs/MacOSX11.1.sdk/usr/local/include"
ignoring nonexistent directory "/usr/local/Cellar/gcc/11.2.0_2/lib/gcc/11/gcc/x86_64-apple-darwin19/11/../../../../../../x86_64-apple-darwin19/include"
ignoring nonexistent directory "/Applications/Xcode.app/Contents/Developer/Platforms/MacOSX.platform/Developer/SDKs/MacOSX11.1.sdk/Library/Frameworks"
#include "..." search starts here:
#include <...> search starts here:
 /usr/local/Cellar/gcc/11.2.0_2/lib/gcc/11/gcc/x86_64-apple-darwin19/11/../../../../../../include/c++/11
 /usr/local/Cellar/gcc/11.2.0_2/lib/gcc/11/gcc/x86_64-apple-darwin19/11/../../../../../../include/c++/11/x86_64-apple-darwin19
 /usr/local/Cellar/gcc/11.2.0_2/lib/gcc/11/gcc/x86_64-apple-darwin19/11/../../../../../../include/c++/11/backward
 /usr/local/Cellar/gcc/11.2.0_2/lib/gcc/11/gcc/x86_64-apple-darwin19/11/include
 /usr/local/Cellar/gcc/11.2.0_2/lib/gcc/11/gcc/x86_64-apple-darwin19/11/include-fixed
 /Applications/Xcode.app/Contents/Developer/Platforms/MacOSX.platform/Developer/SDKs/MacOSX11.1.sdk/usr/include
 /Applications/Xcode.app/Contents/Developer/Platforms/MacOSX.platform/Developer/SDKs/MacOSX11.1.sdk/System/Library/Frameworks
End of search list.
GNU C++11 (Homebrew GCC 11.2.0_2) version 11.2.0 (x86_64-apple-darwin19)
	compiled by GNU C version 11.2.0, GMP version 6.2.1, MPFR version 4.1.0, MPC version 1.2.1, isl version isl-0.24-GMP

GGC heuristics: --param ggc-min-expand=100 --param ggc-min-heapsize=131072
Compiler executable checksum: ba74344eeb4f5a1566c7980c0f6ea0f2
COLLECT_GCC_OPTIONS='-std=c++11' '-mfma' '-fopenmp' '-isysroot' '/Applications/Xcode.app/Contents/Developer/Platforms/MacOSX.platform/Developer/SDKs/MacOSX11.1.sdk' '-v' '-o' 'CMakeFiles/cmTC_3c543.dir/CMakeCXXCompilerABI.cpp.o' '-c' '-mmacosx-version-min=10.15'  '-shared-libgcc' '-mtune=core2' '-dumpdir' 'CMakeFiles/cmTC_3c543.dir/'
 as -arch x86_64 -v -force_cpusubtype_ALL -mmacosx-version-min=10.15 -o CMakeFiles/cmTC_3c543.dir/CMakeCXXCompilerABI.cpp.o /var/folders/3s/w4m42c9s7_x69k_w3v29x4r00000gq/T//ccoouwuO.s
Apple clang version 12.0.0 (clang-1200.0.32.29)
Target: x86_64-apple-darwin19.6.0
Thread model: posix
InstalledDir: /Applications/Xcode.app/Contents/Developer/Toolchains/XcodeDefault.xctoolchain/usr/bin
 "/Applications/Xcode.app/Contents/Developer/Toolchains/XcodeDefault.xctoolchain/usr/bin/clang" -cc1as -triple x86_64-apple-macosx10.15.0 -filetype obj -main-file-name ccoouwuO.s -target-cpu penryn -fdebug-compilation-dir /Users/davood/Documents/Programing_field/dpgHPC/primalDPG_HPC/cmake-build-debug/CMakeFiles/CMakeTmp -dwarf-debug-producer "Apple clang version 12.0.0 (clang-1200.0.32.29)" -dwarf-version=4 -mrelocation-model pic -o CMakeFiles/cmTC_3c543.dir/CMakeCXXCompilerABI.cpp.o /var/folders/3s/w4m42c9s7_x69k_w3v29x4r00000gq/T//ccoouwuO.s
COMPILER_PATH=/usr/local/Cellar/gcc/11.2.0_2/libexec/gcc/x86_64-apple-darwin19/11/:/usr/local/Cellar/gcc/11.2.0_2/libexec/gcc/x86_64-apple-darwin19/11/:/usr/local/Cellar/gcc/11.2.0_2/libexec/gcc/x86_64-apple-darwin19/:/usr/local/Cellar/gcc/11.2.0_2/lib/gcc/11/gcc/x86_64-apple-darwin19/11/:/usr/local/Cellar/gcc/11.2.0_2/lib/gcc/11/gcc/x86_64-apple-darwin19/
LIBRARY_PATH=/usr/local/Cellar/gcc/11.2.0_2/lib/gcc/11/gcc/x86_64-apple-darwin19/11/:/usr/local/Cellar/gcc/11.2.0_2/lib/gcc/11/gcc/x86_64-apple-darwin19/11/../../../
COLLECT_GCC_OPTIONS='-std=c++11' '-mfma' '-fopenmp' '-isysroot' '/Applications/Xcode.app/Contents/Developer/Platforms/MacOSX.platform/Developer/SDKs/MacOSX11.1.sdk' '-v' '-o' 'CMakeFiles/cmTC_3c543.dir/CMakeCXXCompilerABI.cpp.o' '-c' '-mmacosx-version-min=10.15'  '-shared-libgcc' '-mtune=core2' '-dumpdir' 'CMakeFiles/cmTC_3c543.dir/CMakeCXXCompilerABI.cpp.'
Linking CXX executable cmTC_3c543
/Applications/CLion.app/Contents/bin/cmake/mac/bin/cmake -E cmake_link_script CMakeFiles/cmTC_3c543.dir/link.txt --verbose=1
/usr/local/bin/g++-11  -std=c++11 -mfma -fopenmp  -isysroot /Applications/Xcode.app/Contents/Developer/Platforms/MacOSX.platform/Developer/SDKs/MacOSX11.1.sdk -mmacosx-version-min=10.15 -Wl,-search_paths_first -Wl,-headerpad_max_install_names  -v -Wl,-v CMakeFiles/cmTC_3c543.dir/CMakeCXXCompilerABI.cpp.o  -o cmTC_3c543 
Using built-in specs.
COLLECT_GCC=/usr/local/bin/g++-11
COLLECT_LTO_WRAPPER=/usr/local/Cellar/gcc/11.2.0_2/libexec/gcc/x86_64-apple-darwin19/11/lto-wrapper
Target: x86_64-apple-darwin19
Configured with: ../configure --prefix=/usr/local/Cellar/gcc/11.2.0_2 --libdir=/usr/local/Cellar/gcc/11.2.0_2/lib/gcc/11 --disable-nls --enable-checking=release --with-gcc-major-version-only --enable-languages=c,c++,objc,obj-c++,fortran,d --program-suffix=-11 --with-gmp=/usr/local/opt/gmp --with-mpfr=/usr/local/opt/mpfr --with-mpc=/usr/local/opt/libmpc --with-isl=/usr/local/opt/isl --with-zstd=/usr/local/opt/zstd --with-pkgversion='Homebrew GCC 11.2.0_2' --with-bugurl=https://github.com/Homebrew/homebrew-core/issues --enable-libphobos --build=x86_64-apple-darwin19 --with-system-zlib --disable-multilib --with-native-system-header-dir=/usr/include --with-sysroot=/Library/Developer/CommandLineTools/SDKs/MacOSX10.15.sdk
Thread model: posix
Supported LTO compression algorithms: zlib zstd
gcc version 11.2.0 (Homebrew GCC 11.2.0_2) 
COMPILER_PATH=/usr/local/Cellar/gcc/11.2.0_2/libexec/gcc/x86_64-apple-darwin19/11/:/usr/local/Cellar/gcc/11.2.0_2/libexec/gcc/x86_64-apple-darwin19/11/:/usr/local/Cellar/gcc/11.2.0_2/libexec/gcc/x86_64-apple-darwin19/:/usr/local/Cellar/gcc/11.2.0_2/lib/gcc/11/gcc/x86_64-apple-darwin19/11/:/usr/local/Cellar/gcc/11.2.0_2/lib/gcc/11/gcc/x86_64-apple-darwin19/
LIBRARY_PATH=/usr/local/Cellar/gcc/11.2.0_2/lib/gcc/11/gcc/x86_64-apple-darwin19/11/:/usr/local/Cellar/gcc/11.2.0_2/lib/gcc/11/gcc/x86_64-apple-darwin19/11/../../../
COLLECT_GCC_OPTIONS='-std=c++11' '-mfma' '-fopenmp' '-isysroot' '/Applications/Xcode.app/Contents/Developer/Platforms/MacOSX.platform/Developer/SDKs/MacOSX11.1.sdk' '-v' '-o' 'cmTC_3c543' '-mmacosx-version-min=10.15' '-asm_macosx_version_min=10.15' '-shared-libgcc' '-mtune=core2' '-dumpdir' 'cmTC_3c543.'
 /usr/local/Cellar/gcc/11.2.0_2/libexec/gcc/x86_64-apple-darwin19/11/collect2 -dynamic -arch x86_64 -macosx_version_min 10.15 -syslibroot /Applications/Xcode.app/Contents/Developer/Platforms/MacOSX.platform/Developer/SDKs/MacOSX11.1.sdk -weak_reference_mismatches non-weak -o cmTC_3c543 -L/usr/local/Cellar/gcc/11.2.0_2/lib/gcc/11/gcc/x86_64-apple-darwin19/11 -L/usr/local/Cellar/gcc/11.2.0_2/lib/gcc/11/gcc/x86_64-apple-darwin19/11/../../.. -search_paths_first -headerpad_max_install_names -v CMakeFiles/cmTC_3c543.dir/CMakeCXXCompilerABI.cpp.o -lstdc++ -lgomp -lSystem -lgcc_ext.10.5 -lgcc -lSystem -no_compact_unwind -v
collect2 version 11.2.0
/opt/local/bin/ld -dynamic -arch x86_64 -macosx_version_min 10.15 -syslibroot /Applications/Xcode.app/Contents/Developer/Platforms/MacOSX.platform/Developer/SDKs/MacOSX11.1.sdk -weak_reference_mismatches non-weak -o cmTC_3c543 -L/usr/local/Cellar/gcc/11.2.0_2/lib/gcc/11/gcc/x86_64-apple-darwin19/11 -L/usr/local/Cellar/gcc/11.2.0_2/lib/gcc/11/gcc/x86_64-apple-darwin19/11/../../.. -search_paths_first -headerpad_max_install_names -v CMakeFiles/cmTC_3c543.dir/CMakeCXXCompilerABI.cpp.o -lstdc++ -lgomp -lSystem -lgcc_ext.10.5 -lgcc -lSystem -no_compact_unwind -v
@(#)PROGRAM:ld  PROJECT:ld64-609.8
BUILD 15:07:46 Dec 18 2020
configured to support archs: armv6 armv7 armv7s arm64 arm64e arm64_32 i386 x86_64 x86_64h armv6m armv7k armv7m armv7em
@(#)PROGRAM:ld  PROJECT:ld64-609.8
BUILD 15:07:46 Dec 18 2020
configured to support archs: armv6 armv7 armv7s arm64 arm64e arm64_32 i386 x86_64 x86_64h armv6m armv7k armv7m armv7em
Library search paths:
	/usr/local/Cellar/gcc/11.2.0_2/lib/gcc/11/gcc/x86_64-apple-darwin19/11
	/usr/local/Cellar/gcc/11.2.0_2/lib/gcc/11
	/Applications/Xcode.app/Contents/Developer/Platforms/MacOSX.platform/Developer/SDKs/MacOSX11.1.sdk/usr/lib
Framework search paths:
	/Applications/Xcode.app/Contents/Developer/Platforms/MacOSX.platform/Developer/SDKs/MacOSX11.1.sdk/System/Library/Frameworks/
gmake[1]: Leaving directory '/Users/davood/Documents/Programing_field/dpgHPC/primalDPG_HPC/cmake-build-debug/CMakeFiles/CMakeTmp'


Parsed CXX implicit include dir info from above output: rv=done
  found start of include info
  found start of implicit include info
    add: [/usr/local/Cellar/gcc/11.2.0_2/lib/gcc/11/gcc/x86_64-apple-darwin19/11/../../../../../../include/c++/11]
    add: [/usr/local/Cellar/gcc/11.2.0_2/lib/gcc/11/gcc/x86_64-apple-darwin19/11/../../../../../../include/c++/11/x86_64-apple-darwin19]
    add: [/usr/local/Cellar/gcc/11.2.0_2/lib/gcc/11/gcc/x86_64-apple-darwin19/11/../../../../../../include/c++/11/backward]
    add: [/usr/local/Cellar/gcc/11.2.0_2/lib/gcc/11/gcc/x86_64-apple-darwin19/11/include]
    add: [/usr/local/Cellar/gcc/11.2.0_2/lib/gcc/11/gcc/x86_64-apple-darwin19/11/include-fixed]
    add: [/Applications/Xcode.app/Contents/Developer/Platforms/MacOSX.platform/Developer/SDKs/MacOSX11.1.sdk/usr/include]
    add: [/Applications/Xcode.app/Contents/Developer/Platforms/MacOSX.platform/Developer/SDKs/MacOSX11.1.sdk/System/Library/Frameworks]
  end of search list found
  collapse include dir [/usr/local/Cellar/gcc/11.2.0_2/lib/gcc/11/gcc/x86_64-apple-darwin19/11/../../../../../../include/c++/11] ==> [/usr/local/Cellar/gcc/11.2.0_2/include/c++/11]
  collapse include dir [/usr/local/Cellar/gcc/11.2.0_2/lib/gcc/11/gcc/x86_64-apple-darwin19/11/../../../../../../include/c++/11/x86_64-apple-darwin19] ==> [/usr/local/Cellar/gcc/11.2.0_2/include/c++/11/x86_64-apple-darwin19]
  collapse include dir [/usr/local/Cellar/gcc/11.2.0_2/lib/gcc/11/gcc/x86_64-apple-darwin19/11/../../../../../../include/c++/11/backward] ==> [/usr/local/Cellar/gcc/11.2.0_2/include/c++/11/backward]
  collapse include dir [/usr/local/Cellar/gcc/11.2.0_2/lib/gcc/11/gcc/x86_64-apple-darwin19/11/include] ==> [/usr/local/Cellar/gcc/11.2.0_2/lib/gcc/11/gcc/x86_64-apple-darwin19/11/include]
  collapse include dir [/usr/local/Cellar/gcc/11.2.0_2/lib/gcc/11/gcc/x86_64-apple-darwin19/11/include-fixed] ==> [/usr/local/Cellar/gcc/11.2.0_2/lib/gcc/11/gcc/x86_64-apple-darwin19/11/include-fixed]
  collapse include dir [/Applications/Xcode.app/Contents/Developer/Platforms/MacOSX.platform/Developer/SDKs/MacOSX11.1.sdk/usr/include] ==> [/Applications/Xcode.app/Contents/Developer/Platforms/MacOSX.platform/Developer/SDKs/MacOSX11.1.sdk/usr/include]
  collapse include dir [/Applications/Xcode.app/Contents/Developer/Platforms/MacOSX.platform/Developer/SDKs/MacOSX11.1.sdk/System/Library/Frameworks] ==> [/Applications/Xcode.app/Contents/Developer/Platforms/MacOSX.platform/Developer/SDKs/MacOSX11.1.sdk/System/Library/Frameworks]
  implicit include dirs: [/usr/local/Cellar/gcc/11.2.0_2/include/c++/11;/usr/local/Cellar/gcc/11.2.0_2/include/c++/11/x86_64-apple-darwin19;/usr/local/Cellar/gcc/11.2.0_2/include/c++/11/backward;/usr/local/Cellar/gcc/11.2.0_2/lib/gcc/11/gcc/x86_64-apple-darwin19/11/include;/usr/local/Cellar/gcc/11.2.0_2/lib/gcc/11/gcc/x86_64-apple-darwin19/11/include-fixed;/Applications/Xcode.app/Contents/Developer/Platforms/MacOSX.platform/Developer/SDKs/MacOSX11.1.sdk/usr/include;/Applications/Xcode.app/Contents/Developer/Platforms/MacOSX.platform/Developer/SDKs/MacOSX11.1.sdk/System/Library/Frameworks]


Parsed CXX implicit link information from above output:
  link line regex: [^( *|.*[/\])(ld|CMAKE_LINK_STARTFILE-NOTFOUND|([^/\]+-)?ld|collect2)[^/\]*( |$)]
  ignore line: [Change Dir: /Users/davood/Documents/Programing_field/dpgHPC/primalDPG_HPC/cmake-build-debug/CMakeFiles/CMakeTmp]
  ignore line: []
  ignore line: [Run Build Command(s):/usr/local/bin/gmake cmTC_3c543/fast ]
  ignore line: [/usr/local/bin/gmake -f CMakeFiles/cmTC_3c543.dir/build.make CMakeFiles/cmTC_3c543.dir/build]
  ignore line: [gmake[1]: Entering directory '/Users/davood/Documents/Programing_field/dpgHPC/primalDPG_HPC/cmake-build-debug/CMakeFiles/CMakeTmp']
  ignore line: [Building CXX object CMakeFiles/cmTC_3c543.dir/CMakeCXXCompilerABI.cpp.o]
  ignore line: [/usr/local/bin/g++-11    -std=c++11 -mfma -fopenmp  -isysroot /Applications/Xcode.app/Contents/Developer/Platforms/MacOSX.platform/Developer/SDKs/MacOSX11.1.sdk -mmacosx-version-min=10.15   -v -Wl,-v -o CMakeFiles/cmTC_3c543.dir/CMakeCXXCompilerABI.cpp.o -c /Applications/CLion.app/Contents/bin/cmake/mac/share/cmake-3.14/Modules/CMakeCXXCompilerABI.cpp]
  ignore line: [Using built-in specs.]
  ignore line: [COLLECT_GCC=/usr/local/bin/g++-11]
  ignore line: [Target: x86_64-apple-darwin19]
  ignore line: [Configured with: ../configure --prefix=/usr/local/Cellar/gcc/11.2.0_2 --libdir=/usr/local/Cellar/gcc/11.2.0_2/lib/gcc/11 --disable-nls --enable-checking=release --with-gcc-major-version-only --enable-languages=c,c++,objc,obj-c++,fortran,d --program-suffix=-11 --with-gmp=/usr/local/opt/gmp --with-mpfr=/usr/local/opt/mpfr --with-mpc=/usr/local/opt/libmpc --with-isl=/usr/local/opt/isl --with-zstd=/usr/local/opt/zstd --with-pkgversion='Homebrew GCC 11.2.0_2' --with-bugurl=https://github.com/Homebrew/homebrew-core/issues --enable-libphobos --build=x86_64-apple-darwin19 --with-system-zlib --disable-multilib --with-native-system-header-dir=/usr/include --with-sysroot=/Library/Developer/CommandLineTools/SDKs/MacOSX10.15.sdk]
  ignore line: [Thread model: posix]
  ignore line: [Supported LTO compression algorithms: zlib zstd]
  ignore line: [gcc version 11.2.0 (Homebrew GCC 11.2.0_2) ]
  ignore line: [COLLECT_GCC_OPTIONS='-std=c++11' '-mfma' '-fopenmp' '-isysroot' '/Applications/Xcode.app/Contents/Developer/Platforms/MacOSX.platform/Developer/SDKs/MacOSX11.1.sdk' '-v' '-o' 'CMakeFiles/cmTC_3c543.dir/CMakeCXXCompilerABI.cpp.o' '-c' '-mmacosx-version-min=10.15' '-asm_macosx_version_min=10.15' '-shared-libgcc' '-mtune=core2' '-dumpdir' 'CMakeFiles/cmTC_3c543.dir/']
  ignore line: [ /usr/local/Cellar/gcc/11.2.0_2/libexec/gcc/x86_64-apple-darwin19/11/cc1plus -quiet -v -D__DYNAMIC__ -isysroot /Applications/Xcode.app/Contents/Developer/Platforms/MacOSX.platform/Developer/SDKs/MacOSX11.1.sdk /Applications/CLion.app/Contents/bin/cmake/mac/share/cmake-3.14/Modules/CMakeCXXCompilerABI.cpp -fPIC -quiet -dumpdir CMakeFiles/cmTC_3c543.dir/ -dumpbase CMakeCXXCompilerABI.cpp.cpp -dumpbase-ext .cpp -mfma -mmacosx-version-min=10.15 -mtune=core2 -std=c++11 -version -fopenmp -o /var/folders/3s/w4m42c9s7_x69k_w3v29x4r00000gq/T//ccoouwuO.s]
  ignore line: [GNU C++11 (Homebrew GCC 11.2.0_2) version 11.2.0 (x86_64-apple-darwin19)]
  ignore line: [	compiled by GNU C version 11.2.0, GMP version 6.2.1, MPFR version 4.1.0, MPC version 1.2.1, isl version isl-0.24-GMP]
  ignore line: []
  ignore line: [GGC heuristics: --param ggc-min-expand=100 --param ggc-min-heapsize=131072]
  ignore line: [ignoring nonexistent directory "/Applications/Xcode.app/Contents/Developer/Platforms/MacOSX.platform/Developer/SDKs/MacOSX11.1.sdk/usr/local/include"]
  ignore line: [ignoring nonexistent directory "/usr/local/Cellar/gcc/11.2.0_2/lib/gcc/11/gcc/x86_64-apple-darwin19/11/../../../../../../x86_64-apple-darwin19/include"]
  ignore line: [ignoring nonexistent directory "/Applications/Xcode.app/Contents/Developer/Platforms/MacOSX.platform/Developer/SDKs/MacOSX11.1.sdk/Library/Frameworks"]
  ignore line: [#include "..." search starts here:]
  ignore line: [#include <...> search starts here:]
  ignore line: [ /usr/local/Cellar/gcc/11.2.0_2/lib/gcc/11/gcc/x86_64-apple-darwin19/11/../../../../../../include/c++/11]
  ignore line: [ /usr/local/Cellar/gcc/11.2.0_2/lib/gcc/11/gcc/x86_64-apple-darwin19/11/../../../../../../include/c++/11/x86_64-apple-darwin19]
  ignore line: [ /usr/local/Cellar/gcc/11.2.0_2/lib/gcc/11/gcc/x86_64-apple-darwin19/11/../../../../../../include/c++/11/backward]
  ignore line: [ /usr/local/Cellar/gcc/11.2.0_2/lib/gcc/11/gcc/x86_64-apple-darwin19/11/include]
  ignore line: [ /usr/local/Cellar/gcc/11.2.0_2/lib/gcc/11/gcc/x86_64-apple-darwin19/11/include-fixed]
  ignore line: [ /Applications/Xcode.app/Contents/Developer/Platforms/MacOSX.platform/Developer/SDKs/MacOSX11.1.sdk/usr/include]
  ignore line: [ /Applications/Xcode.app/Contents/Developer/Platforms/MacOSX.platform/Developer/SDKs/MacOSX11.1.sdk/System/Library/Frameworks]
  ignore line: [End of search list.]
  ignore line: [GNU C++11 (Homebrew GCC 11.2.0_2) version 11.2.0 (x86_64-apple-darwin19)]
  ignore line: [	compiled by GNU C version 11.2.0, GMP version 6.2.1, MPFR version 4.1.0, MPC version 1.2.1, isl version isl-0.24-GMP]
  ignore line: []
  ignore line: [GGC heuristics: --param ggc-min-expand=100 --param ggc-min-heapsize=131072]
  ignore line: [Compiler executable checksum: ba74344eeb4f5a1566c7980c0f6ea0f2]
  ignore line: [COLLECT_GCC_OPTIONS='-std=c++11' '-mfma' '-fopenmp' '-isysroot' '/Applications/Xcode.app/Contents/Developer/Platforms/MacOSX.platform/Developer/SDKs/MacOSX11.1.sdk' '-v' '-o' 'CMakeFiles/cmTC_3c543.dir/CMakeCXXCompilerABI.cpp.o' '-c' '-mmacosx-version-min=10.15'  '-shared-libgcc' '-mtune=core2' '-dumpdir' 'CMakeFiles/cmTC_3c543.dir/']
  ignore line: [ as -arch x86_64 -v -force_cpusubtype_ALL -mmacosx-version-min=10.15 -o CMakeFiles/cmTC_3c543.dir/CMakeCXXCompilerABI.cpp.o /var/folders/3s/w4m42c9s7_x69k_w3v29x4r00000gq/T//ccoouwuO.s]
  ignore line: [Apple clang version 12.0.0 (clang-1200.0.32.29)]
  ignore line: [Target: x86_64-apple-darwin19.6.0]
  ignore line: [Thread model: posix]
  ignore line: [InstalledDir: /Applications/Xcode.app/Contents/Developer/Toolchains/XcodeDefault.xctoolchain/usr/bin]
  ignore line: [ "/Applications/Xcode.app/Contents/Developer/Toolchains/XcodeDefault.xctoolchain/usr/bin/clang" -cc1as -triple x86_64-apple-macosx10.15.0 -filetype obj -main-file-name ccoouwuO.s -target-cpu penryn -fdebug-compilation-dir /Users/davood/Documents/Programing_field/dpgHPC/primalDPG_HPC/cmake-build-debug/CMakeFiles/CMakeTmp -dwarf-debug-producer "Apple clang version 12.0.0 (clang-1200.0.32.29)" -dwarf-version=4 -mrelocation-model pic -o CMakeFiles/cmTC_3c543.dir/CMakeCXXCompilerABI.cpp.o /var/folders/3s/w4m42c9s7_x69k_w3v29x4r00000gq/T//ccoouwuO.s]
  ignore line: [COMPILER_PATH=/usr/local/Cellar/gcc/11.2.0_2/libexec/gcc/x86_64-apple-darwin19/11/:/usr/local/Cellar/gcc/11.2.0_2/libexec/gcc/x86_64-apple-darwin19/11/:/usr/local/Cellar/gcc/11.2.0_2/libexec/gcc/x86_64-apple-darwin19/:/usr/local/Cellar/gcc/11.2.0_2/lib/gcc/11/gcc/x86_64-apple-darwin19/11/:/usr/local/Cellar/gcc/11.2.0_2/lib/gcc/11/gcc/x86_64-apple-darwin19/]
  ignore line: [LIBRARY_PATH=/usr/local/Cellar/gcc/11.2.0_2/lib/gcc/11/gcc/x86_64-apple-darwin19/11/:/usr/local/Cellar/gcc/11.2.0_2/lib/gcc/11/gcc/x86_64-apple-darwin19/11/../../../]
  ignore line: [COLLECT_GCC_OPTIONS='-std=c++11' '-mfma' '-fopenmp' '-isysroot' '/Applications/Xcode.app/Contents/Developer/Platforms/MacOSX.platform/Developer/SDKs/MacOSX11.1.sdk' '-v' '-o' 'CMakeFiles/cmTC_3c543.dir/CMakeCXXCompilerABI.cpp.o' '-c' '-mmacosx-version-min=10.15'  '-shared-libgcc' '-mtune=core2' '-dumpdir' 'CMakeFiles/cmTC_3c543.dir/CMakeCXXCompilerABI.cpp.']
  ignore line: [Linking CXX executable cmTC_3c543]
  ignore line: [/Applications/CLion.app/Contents/bin/cmake/mac/bin/cmake -E cmake_link_script CMakeFiles/cmTC_3c543.dir/link.txt --verbose=1]
  ignore line: [/usr/local/bin/g++-11  -std=c++11 -mfma -fopenmp  -isysroot /Applications/Xcode.app/Contents/Developer/Platforms/MacOSX.platform/Developer/SDKs/MacOSX11.1.sdk -mmacosx-version-min=10.15 -Wl,-search_paths_first -Wl,-headerpad_max_install_names  -v -Wl,-v CMakeFiles/cmTC_3c543.dir/CMakeCXXCompilerABI.cpp.o  -o cmTC_3c543 ]
  ignore line: [Using built-in specs.]
  ignore line: [COLLECT_GCC=/usr/local/bin/g++-11]
  ignore line: [COLLECT_LTO_WRAPPER=/usr/local/Cellar/gcc/11.2.0_2/libexec/gcc/x86_64-apple-darwin19/11/lto-wrapper]
  ignore line: [Target: x86_64-apple-darwin19]
  ignore line: [Configured with: ../configure --prefix=/usr/local/Cellar/gcc/11.2.0_2 --libdir=/usr/local/Cellar/gcc/11.2.0_2/lib/gcc/11 --disable-nls --enable-checking=release --with-gcc-major-version-only --enable-languages=c,c++,objc,obj-c++,fortran,d --program-suffix=-11 --with-gmp=/usr/local/opt/gmp --with-mpfr=/usr/local/opt/mpfr --with-mpc=/usr/local/opt/libmpc --with-isl=/usr/local/opt/isl --with-zstd=/usr/local/opt/zstd --with-pkgversion='Homebrew GCC 11.2.0_2' --with-bugurl=https://github.com/Homebrew/homebrew-core/issues --enable-libphobos --build=x86_64-apple-darwin19 --with-system-zlib --disable-multilib --with-native-system-header-dir=/usr/include --with-sysroot=/Library/Developer/CommandLineTools/SDKs/MacOSX10.15.sdk]
  ignore line: [Thread model: posix]
  ignore line: [Supported LTO compression algorithms: zlib zstd]
  ignore line: [gcc version 11.2.0 (Homebrew GCC 11.2.0_2) ]
  ignore line: [COMPILER_PATH=/usr/local/Cellar/gcc/11.2.0_2/libexec/gcc/x86_64-apple-darwin19/11/:/usr/local/Cellar/gcc/11.2.0_2/libexec/gcc/x86_64-apple-darwin19/11/:/usr/local/Cellar/gcc/11.2.0_2/libexec/gcc/x86_64-apple-darwin19/:/usr/local/Cellar/gcc/11.2.0_2/lib/gcc/11/gcc/x86_64-apple-darwin19/11/:/usr/local/Cellar/gcc/11.2.0_2/lib/gcc/11/gcc/x86_64-apple-darwin19/]
  ignore line: [LIBRARY_PATH=/usr/local/Cellar/gcc/11.2.0_2/lib/gcc/11/gcc/x86_64-apple-darwin19/11/:/usr/local/Cellar/gcc/11.2.0_2/lib/gcc/11/gcc/x86_64-apple-darwin19/11/../../../]
  ignore line: [COLLECT_GCC_OPTIONS='-std=c++11' '-mfma' '-fopenmp' '-isysroot' '/Applications/Xcode.app/Contents/Developer/Platforms/MacOSX.platform/Developer/SDKs/MacOSX11.1.sdk' '-v' '-o' 'cmTC_3c543' '-mmacosx-version-min=10.15' '-asm_macosx_version_min=10.15' '-shared-libgcc' '-mtune=core2' '-dumpdir' 'cmTC_3c543.']
  link line: [ /usr/local/Cellar/gcc/11.2.0_2/libexec/gcc/x86_64-apple-darwin19/11/collect2 -dynamic -arch x86_64 -macosx_version_min 10.15 -syslibroot /Applications/Xcode.app/Contents/Developer/Platforms/MacOSX.platform/Developer/SDKs/MacOSX11.1.sdk -weak_reference_mismatches non-weak -o cmTC_3c543 -L/usr/local/Cellar/gcc/11.2.0_2/lib/gcc/11/gcc/x86_64-apple-darwin19/11 -L/usr/local/Cellar/gcc/11.2.0_2/lib/gcc/11/gcc/x86_64-apple-darwin19/11/../../.. -search_paths_first -headerpad_max_install_names -v CMakeFiles/cmTC_3c543.dir/CMakeCXXCompilerABI.cpp.o -lstdc++ -lgomp -lSystem -lgcc_ext.10.5 -lgcc -lSystem -no_compact_unwind -v]
    arg [/usr/local/Cellar/gcc/11.2.0_2/libexec/gcc/x86_64-apple-darwin19/11/collect2] ==> ignore
    arg [-dynamic] ==> ignore
    arg [-arch] ==> ignore
    arg [x86_64] ==> ignore
    arg [-macosx_version_min] ==> ignore
    arg [10.15] ==> ignore
    arg [-syslibroot] ==> ignore
    arg [/Applications/Xcode.app/Contents/Developer/Platforms/MacOSX.platform/Developer/SDKs/MacOSX11.1.sdk] ==> ignore
    arg [-weak_reference_mismatches] ==> ignore
    arg [non-weak] ==> ignore
    arg [-o] ==> ignore
    arg [cmTC_3c543] ==> ignore
    arg [-L/usr/local/Cellar/gcc/11.2.0_2/lib/gcc/11/gcc/x86_64-apple-darwin19/11] ==> dir [/usr/local/Cellar/gcc/11.2.0_2/lib/gcc/11/gcc/x86_64-apple-darwin19/11]
    arg [-L/usr/local/Cellar/gcc/11.2.0_2/lib/gcc/11/gcc/x86_64-apple-darwin19/11/../../..] ==> dir [/usr/local/Cellar/gcc/11.2.0_2/lib/gcc/11/gcc/x86_64-apple-darwin19/11/../../..]
    arg [-search_paths_first] ==> ignore
    arg [-headerpad_max_install_names] ==> ignore
    arg [-v] ==> ignore
    arg [CMakeFiles/cmTC_3c543.dir/CMakeCXXCompilerABI.cpp.o] ==> ignore
    arg [-lstdc++] ==> lib [stdc++]
    arg [-lgomp] ==> lib [gomp]
    arg [-lSystem] ==> lib [System]
    arg [-lgcc_ext.10.5] ==> lib [gcc_ext.10.5]
    arg [-lgcc] ==> lib [gcc]
    arg [-lSystem] ==> lib [System]
    arg [-no_compact_unwind] ==> ignore
    arg [-v] ==> ignore
  Library search paths: [;/usr/local/Cellar/gcc/11.2.0_2/lib/gcc/11/gcc/x86_64-apple-darwin19/11;/usr/local/Cellar/gcc/11.2.0_2/lib/gcc/11;/Applications/Xcode.app/Contents/Developer/Platforms/MacOSX.platform/Developer/SDKs/MacOSX11.1.sdk/usr/lib]
  Framework search paths: [;/Applications/Xcode.app/Contents/Developer/Platforms/MacOSX.platform/Developer/SDKs/MacOSX11.1.sdk/System/Library/Frameworks/]
  remove lib [System]
  remove lib [System]
  collapse library dir [/usr/local/Cellar/gcc/11.2.0_2/lib/gcc/11/gcc/x86_64-apple-darwin19/11] ==> [/usr/local/Cellar/gcc/11.2.0_2/lib/gcc/11/gcc/x86_64-apple-darwin19/11]
  collapse library dir [/usr/local/Cellar/gcc/11.2.0_2/lib/gcc/11/gcc/x86_64-apple-darwin19/11/../../..] ==> [/usr/local/Cellar/gcc/11.2.0_2/lib/gcc/11]
  collapse library dir [/usr/local/Cellar/gcc/11.2.0_2/lib/gcc/11/gcc/x86_64-apple-darwin19/11] ==> [/usr/local/Cellar/gcc/11.2.0_2/lib/gcc/11/gcc/x86_64-apple-darwin19/11]
  collapse library dir [/usr/local/Cellar/gcc/11.2.0_2/lib/gcc/11] ==> [/usr/local/Cellar/gcc/11.2.0_2/lib/gcc/11]
  collapse library dir [/Applications/Xcode.app/Contents/Developer/Platforms/MacOSX.platform/Developer/SDKs/MacOSX11.1.sdk/usr/lib] ==> [/Applications/Xcode.app/Contents/Developer/Platforms/MacOSX.platform/Developer/SDKs/MacOSX11.1.sdk/usr/lib]
  collapse framework dir [/Applications/Xcode.app/Contents/Developer/Platforms/MacOSX.platform/Developer/SDKs/MacOSX11.1.sdk/System/Library/Frameworks/] ==> [/Applications/Xcode.app/Contents/Developer/Platforms/MacOSX.platform/Developer/SDKs/MacOSX11.1.sdk/System/Library/Frameworks]
  implicit libs: [stdc++;gomp;gcc_ext.10.5;gcc]
  implicit dirs: [/usr/local/Cellar/gcc/11.2.0_2/lib/gcc/11/gcc/x86_64-apple-darwin19/11;/usr/local/Cellar/gcc/11.2.0_2/lib/gcc/11;/Applications/Xcode.app/Contents/Developer/Platforms/MacOSX.platform/Developer/SDKs/MacOSX11.1.sdk/usr/lib]
  implicit fwks: [/Applications/Xcode.app/Contents/Developer/Platforms/MacOSX.platform/Developer/SDKs/MacOSX11.1.sdk/System/Library/Frameworks]




Detecting CXX [-std=c++2a] compiler features compiled with the following output:
Change Dir: /Users/davood/Documents/Programing_field/dpgHPC/primalDPG_HPC/cmake-build-debug/CMakeFiles/CMakeTmp

Run Build Command(s):/usr/local/bin/gmake cmTC_0a19e/fast 
/usr/local/bin/gmake -f CMakeFiles/cmTC_0a19e.dir/build.make CMakeFiles/cmTC_0a19e.dir/build
gmake[1]: Entering directory '/Users/davood/Documents/Programing_field/dpgHPC/primalDPG_HPC/cmake-build-debug/CMakeFiles/CMakeTmp'
Building CXX object CMakeFiles/cmTC_0a19e.dir/feature_tests.cxx.o
/usr/local/bin/g++-11    -std=c++11 -mfma -fopenmp  -isysroot /Applications/Xcode.app/Contents/Developer/Platforms/MacOSX.platform/Developer/SDKs/MacOSX11.1.sdk -mmacosx-version-min=10.15   -std=c++2a -o CMakeFiles/cmTC_0a19e.dir/feature_tests.cxx.o -c /Users/davood/Documents/Programing_field/dpgHPC/primalDPG_HPC/cmake-build-debug/CMakeFiles/feature_tests.cxx
Linking CXX executable cmTC_0a19e
/Applications/CLion.app/Contents/bin/cmake/mac/bin/cmake -E cmake_link_script CMakeFiles/cmTC_0a19e.dir/link.txt --verbose=1
/usr/local/bin/g++-11  -std=c++11 -mfma -fopenmp  -isysroot /Applications/Xcode.app/Contents/Developer/Platforms/MacOSX.platform/Developer/SDKs/MacOSX11.1.sdk -mmacosx-version-min=10.15 -Wl,-search_paths_first -Wl,-headerpad_max_install_names   CMakeFiles/cmTC_0a19e.dir/feature_tests.cxx.o  -o cmTC_0a19e 
gmake[1]: Leaving directory '/Users/davood/Documents/Programing_field/dpgHPC/primalDPG_HPC/cmake-build-debug/CMakeFiles/CMakeTmp'


    Feature record: CXX_FEATURE:1cxx_aggregate_default_initializers
    Feature record: CXX_FEATURE:1cxx_alias_templates
    Feature record: CXX_FEATURE:1cxx_alignas
    Feature record: CXX_FEATURE:1cxx_alignof
    Feature record: CXX_FEATURE:1cxx_attributes
    Feature record: CXX_FEATURE:1cxx_attribute_deprecated
    Feature record: CXX_FEATURE:1cxx_auto_type
    Feature record: CXX_FEATURE:1cxx_binary_literals
    Feature record: CXX_FEATURE:1cxx_constexpr
    Feature record: CXX_FEATURE:1cxx_contextual_conversions
    Feature record: CXX_FEATURE:1cxx_decltype
    Feature record: CXX_FEATURE:1cxx_decltype_auto
    Feature record: CXX_FEATURE:1cxx_decltype_incomplete_return_types
    Feature record: CXX_FEATURE:1cxx_default_function_template_args
    Feature record: CXX_FEATURE:1cxx_defaulted_functions
    Feature record: CXX_FEATURE:1cxx_defaulted_move_initializers
    Feature record: CXX_FEATURE:1cxx_delegating_constructors
    Feature record: CXX_FEATURE:1cxx_deleted_functions
    Feature record: CXX_FEATURE:1cxx_digit_separators
    Feature record: CXX_FEATURE:1cxx_enum_forward_declarations
    Feature record: CXX_FEATURE:1cxx_explicit_conversions
    Feature record: CXX_FEATURE:1cxx_extended_friend_declarations
    Feature record: CXX_FEATURE:1cxx_extern_templates
    Feature record: CXX_FEATURE:1cxx_final
    Feature record: CXX_FEATURE:1cxx_func_identifier
    Feature record: CXX_FEATURE:1cxx_generalized_initializers
    Feature record: CXX_FEATURE:1cxx_generic_lambdas
    Feature record: CXX_FEATURE:1cxx_inheriting_constructors
    Feature record: CXX_FEATURE:1cxx_inline_namespaces
    Feature record: CXX_FEATURE:1cxx_lambdas
    Feature record: CXX_FEATURE:1cxx_lambda_init_captures
    Feature record: CXX_FEATURE:1cxx_local_type_template_args
    Feature record: CXX_FEATURE:1cxx_long_long_type
    Feature record: CXX_FEATURE:1cxx_noexcept
    Feature record: CXX_FEATURE:1cxx_nonstatic_member_init
    Feature record: CXX_FEATURE:1cxx_nullptr
    Feature record: CXX_FEATURE:1cxx_override
    Feature record: CXX_FEATURE:1cxx_range_for
    Feature record: CXX_FEATURE:1cxx_raw_string_literals
    Feature record: CXX_FEATURE:1cxx_reference_qualified_functions
    Feature record: CXX_FEATURE:1cxx_relaxed_constexpr
    Feature record: CXX_FEATURE:1cxx_return_type_deduction
    Feature record: CXX_FEATURE:1cxx_right_angle_brackets
    Feature record: CXX_FEATURE:1cxx_rvalue_references
    Feature record: CXX_FEATURE:1cxx_sizeof_member
    Feature record: CXX_FEATURE:1cxx_static_assert
    Feature record: CXX_FEATURE:1cxx_strong_enums
    Feature record: CXX_FEATURE:1cxx_template_template_parameters
    Feature record: CXX_FEATURE:1cxx_thread_local
    Feature record: CXX_FEATURE:1cxx_trailing_return_types
    Feature record: CXX_FEATURE:1cxx_unicode_literals
    Feature record: CXX_FEATURE:1cxx_uniform_initialization
    Feature record: CXX_FEATURE:1cxx_unrestricted_unions
    Feature record: CXX_FEATURE:1cxx_user_literals
    Feature record: CXX_FEATURE:1cxx_variable_templates
    Feature record: CXX_FEATURE:1cxx_variadic_macros
    Feature record: CXX_FEATURE:1cxx_variadic_templates


Detecting CXX [-std=c++17] compiler features compiled with the following output:
Change Dir: /Users/davood/Documents/Programing_field/dpgHPC/primalDPG_HPC/cmake-build-debug/CMakeFiles/CMakeTmp

Run Build Command(s):/usr/local/bin/gmake cmTC_25695/fast 
/usr/local/bin/gmake -f CMakeFiles/cmTC_25695.dir/build.make CMakeFiles/cmTC_25695.dir/build
gmake[1]: Entering directory '/Users/davood/Documents/Programing_field/dpgHPC/primalDPG_HPC/cmake-build-debug/CMakeFiles/CMakeTmp'
Building CXX object CMakeFiles/cmTC_25695.dir/feature_tests.cxx.o
/usr/local/bin/g++-11    -std=c++11 -mfma -fopenmp  -isysroot /Applications/Xcode.app/Contents/Developer/Platforms/MacOSX.platform/Developer/SDKs/MacOSX11.1.sdk -mmacosx-version-min=10.15   -std=c++17 -o CMakeFiles/cmTC_25695.dir/feature_tests.cxx.o -c /Users/davood/Documents/Programing_field/dpgHPC/primalDPG_HPC/cmake-build-debug/CMakeFiles/feature_tests.cxx
Linking CXX executable cmTC_25695
/Applications/CLion.app/Contents/bin/cmake/mac/bin/cmake -E cmake_link_script CMakeFiles/cmTC_25695.dir/link.txt --verbose=1
/usr/local/bin/g++-11  -std=c++11 -mfma -fopenmp  -isysroot /Applications/Xcode.app/Contents/Developer/Platforms/MacOSX.platform/Developer/SDKs/MacOSX11.1.sdk -mmacosx-version-min=10.15 -Wl,-search_paths_first -Wl,-headerpad_max_install_names   CMakeFiles/cmTC_25695.dir/feature_tests.cxx.o  -o cmTC_25695 
gmake[1]: Leaving directory '/Users/davood/Documents/Programing_field/dpgHPC/primalDPG_HPC/cmake-build-debug/CMakeFiles/CMakeTmp'


    Feature record: CXX_FEATURE:1cxx_aggregate_default_initializers
    Feature record: CXX_FEATURE:1cxx_alias_templates
    Feature record: CXX_FEATURE:1cxx_alignas
    Feature record: CXX_FEATURE:1cxx_alignof
    Feature record: CXX_FEATURE:1cxx_attributes
    Feature record: CXX_FEATURE:1cxx_attribute_deprecated
    Feature record: CXX_FEATURE:1cxx_auto_type
    Feature record: CXX_FEATURE:1cxx_binary_literals
    Feature record: CXX_FEATURE:1cxx_constexpr
    Feature record: CXX_FEATURE:1cxx_contextual_conversions
    Feature record: CXX_FEATURE:1cxx_decltype
    Feature record: CXX_FEATURE:1cxx_decltype_auto
    Feature record: CXX_FEATURE:1cxx_decltype_incomplete_return_types
    Feature record: CXX_FEATURE:1cxx_default_function_template_args
    Feature record: CXX_FEATURE:1cxx_defaulted_functions
    Feature record: CXX_FEATURE:1cxx_defaulted_move_initializers
    Feature record: CXX_FEATURE:1cxx_delegating_constructors
    Feature record: CXX_FEATURE:1cxx_deleted_functions
    Feature record: CXX_FEATURE:1cxx_digit_separators
    Feature record: CXX_FEATURE:1cxx_enum_forward_declarations
    Feature record: CXX_FEATURE:1cxx_explicit_conversions
    Feature record: CXX_FEATURE:1cxx_extended_friend_declarations
    Feature record: CXX_FEATURE:1cxx_extern_templates
    Feature record: CXX_FEATURE:1cxx_final
    Feature record: CXX_FEATURE:1cxx_func_identifier
    Feature record: CXX_FEATURE:1cxx_generalized_initializers
    Feature record: CXX_FEATURE:1cxx_generic_lambdas
    Feature record: CXX_FEATURE:1cxx_inheriting_constructors
    Feature record: CXX_FEATURE:1cxx_inline_namespaces
    Feature record: CXX_FEATURE:1cxx_lambdas
    Feature record: CXX_FEATURE:1cxx_lambda_init_captures
    Feature record: CXX_FEATURE:1cxx_local_type_template_args
    Feature record: CXX_FEATURE:1cxx_long_long_type
    Feature record: CXX_FEATURE:1cxx_noexcept
    Feature record: CXX_FEATURE:1cxx_nonstatic_member_init
    Feature record: CXX_FEATURE:1cxx_nullptr
    Feature record: CXX_FEATURE:1cxx_override
    Feature record: CXX_FEATURE:1cxx_range_for
    Feature record: CXX_FEATURE:1cxx_raw_string_literals
    Feature record: CXX_FEATURE:1cxx_reference_qualified_functions
    Feature record: CXX_FEATURE:1cxx_relaxed_constexpr
    Feature record: CXX_FEATURE:1cxx_return_type_deduction
    Feature record: CXX_FEATURE:1cxx_right_angle_brackets
    Feature record: CXX_FEATURE:1cxx_rvalue_references
    Feature record: CXX_FEATURE:1cxx_sizeof_member
    Feature record: CXX_FEATURE:1cxx_static_assert
    Feature record: CXX_FEATURE:1cxx_strong_enums
    Feature record: CXX_FEATURE:1cxx_template_template_parameters
    Feature record: CXX_FEATURE:1cxx_thread_local
    Feature record: CXX_FEATURE:1cxx_trailing_return_types
    Feature record: CXX_FEATURE:1cxx_unicode_literals
    Feature record: CXX_FEATURE:1cxx_uniform_initialization
    Feature record: CXX_FEATURE:1cxx_unrestricted_unions
    Feature record: CXX_FEATURE:1cxx_user_literals
    Feature record: CXX_FEATURE:1cxx_variable_templates
    Feature record: CXX_FEATURE:1cxx_variadic_macros
    Feature record: CXX_FEATURE:1cxx_variadic_templates


Detecting CXX [-std=c++14] compiler features compiled with the following output:
Change Dir: /Users/davood/Documents/Programing_field/dpgHPC/primalDPG_HPC/cmake-build-debug/CMakeFiles/CMakeTmp

Run Build Command(s):/usr/local/bin/gmake cmTC_f94c0/fast 
/usr/local/bin/gmake -f CMakeFiles/cmTC_f94c0.dir/build.make CMakeFiles/cmTC_f94c0.dir/build
gmake[1]: Entering directory '/Users/davood/Documents/Programing_field/dpgHPC/primalDPG_HPC/cmake-build-debug/CMakeFiles/CMakeTmp'
Building CXX object CMakeFiles/cmTC_f94c0.dir/feature_tests.cxx.o
/usr/local/bin/g++-11    -std=c++11 -mfma -fopenmp  -isysroot /Applications/Xcode.app/Contents/Developer/Platforms/MacOSX.platform/Developer/SDKs/MacOSX11.1.sdk -mmacosx-version-min=10.15   -std=c++14 -o CMakeFiles/cmTC_f94c0.dir/feature_tests.cxx.o -c /Users/davood/Documents/Programing_field/dpgHPC/primalDPG_HPC/cmake-build-debug/CMakeFiles/feature_tests.cxx
Linking CXX executable cmTC_f94c0
/Applications/CLion.app/Contents/bin/cmake/mac/bin/cmake -E cmake_link_script CMakeFiles/cmTC_f94c0.dir/link.txt --verbose=1
/usr/local/bin/g++-11  -std=c++11 -mfma -fopenmp  -isysroot /Applications/Xcode.app/Contents/Developer/Platforms/MacOSX.platform/Developer/SDKs/MacOSX11.1.sdk -mmacosx-version-min=10.15 -Wl,-search_paths_first -Wl,-headerpad_max_install_names   CMakeFiles/cmTC_f94c0.dir/feature_tests.cxx.o  -o cmTC_f94c0 
gmake[1]: Leaving directory '/Users/davood/Documents/Programing_field/dpgHPC/primalDPG_HPC/cmake-build-debug/CMakeFiles/CMakeTmp'


    Feature record: CXX_FEATURE:1cxx_aggregate_default_initializers
    Feature record: CXX_FEATURE:1cxx_alias_templates
    Feature record: CXX_FEATURE:1cxx_alignas
    Feature record: CXX_FEATURE:1cxx_alignof
    Feature record: CXX_FEATURE:1cxx_attributes
    Feature record: CXX_FEATURE:1cxx_attribute_deprecated
    Feature record: CXX_FEATURE:1cxx_auto_type
    Feature record: CXX_FEATURE:1cxx_binary_literals
    Feature record: CXX_FEATURE:1cxx_constexpr
    Feature record: CXX_FEATURE:1cxx_contextual_conversions
    Feature record: CXX_FEATURE:1cxx_decltype
    Feature record: CXX_FEATURE:1cxx_decltype_auto
    Feature record: CXX_FEATURE:1cxx_decltype_incomplete_return_types
    Feature record: CXX_FEATURE:1cxx_default_function_template_args
    Feature record: CXX_FEATURE:1cxx_defaulted_functions
    Feature record: CXX_FEATURE:1cxx_defaulted_move_initializers
    Feature record: CXX_FEATURE:1cxx_delegating_constructors
    Feature record: CXX_FEATURE:1cxx_deleted_functions
    Feature record: CXX_FEATURE:1cxx_digit_separators
    Feature record: CXX_FEATURE:1cxx_enum_forward_declarations
    Feature record: CXX_FEATURE:1cxx_explicit_conversions
    Feature record: CXX_FEATURE:1cxx_extended_friend_declarations
    Feature record: CXX_FEATURE:1cxx_extern_templates
    Feature record: CXX_FEATURE:1cxx_final
    Feature record: CXX_FEATURE:1cxx_func_identifier
    Feature record: CXX_FEATURE:1cxx_generalized_initializers
    Feature record: CXX_FEATURE:1cxx_generic_lambdas
    Feature record: CXX_FEATURE:1cxx_inheriting_constructors
    Feature record: CXX_FEATURE:1cxx_inline_namespaces
    Feature record: CXX_FEATURE:1cxx_lambdas
    Feature record: CXX_FEATURE:1cxx_lambda_init_captures
    Feature record: CXX_FEATURE:1cxx_local_type_template_args
    Feature record: CXX_FEATURE:1cxx_long_long_type
    Feature record: CXX_FEATURE:1cxx_noexcept
    Feature record: CXX_FEATURE:1cxx_nonstatic_member_init
    Feature record: CXX_FEATURE:1cxx_nullptr
    Feature record: CXX_FEATURE:1cxx_override
    Feature record: CXX_FEATURE:1cxx_range_for
    Feature record: CXX_FEATURE:1cxx_raw_string_literals
    Feature record: CXX_FEATURE:1cxx_reference_qualified_functions
    Feature record: CXX_FEATURE:1cxx_relaxed_constexpr
    Feature record: CXX_FEATURE:1cxx_return_type_deduction
    Feature record: CXX_FEATURE:1cxx_right_angle_brackets
    Feature record: CXX_FEATURE:1cxx_rvalue_references
    Feature record: CXX_FEATURE:1cxx_sizeof_member
    Feature record: CXX_FEATURE:1cxx_static_assert
    Feature record: CXX_FEATURE:1cxx_strong_enums
    Feature record: CXX_FEATURE:1cxx_template_template_parameters
    Feature record: CXX_FEATURE:1cxx_thread_local
    Feature record: CXX_FEATURE:1cxx_trailing_return_types
    Feature record: CXX_FEATURE:1cxx_unicode_literals
    Feature record: CXX_FEATURE:1cxx_uniform_initialization
    Feature record: CXX_FEATURE:1cxx_unrestricted_unions
    Feature record: CXX_FEATURE:1cxx_user_literals
    Feature record: CXX_FEATURE:1cxx_variable_templates
    Feature record: CXX_FEATURE:1cxx_variadic_macros
    Feature record: CXX_FEATURE:1cxx_variadic_templates


Detecting CXX [-std=c++11] compiler features compiled with the following output:
Change Dir: /Users/davood/Documents/Programing_field/dpgHPC/primalDPG_HPC/cmake-build-debug/CMakeFiles/CMakeTmp

Run Build Command(s):/usr/local/bin/gmake cmTC_0317d/fast 
/usr/local/bin/gmake -f CMakeFiles/cmTC_0317d.dir/build.make CMakeFiles/cmTC_0317d.dir/build
gmake[1]: Entering directory '/Users/davood/Documents/Programing_field/dpgHPC/primalDPG_HPC/cmake-build-debug/CMakeFiles/CMakeTmp'
Building CXX object CMakeFiles/cmTC_0317d.dir/feature_tests.cxx.o
/usr/local/bin/g++-11    -std=c++11 -mfma -fopenmp  -isysroot /Applications/Xcode.app/Contents/Developer/Platforms/MacOSX.platform/Developer/SDKs/MacOSX11.1.sdk -mmacosx-version-min=10.15   -std=c++11 -o CMakeFiles/cmTC_0317d.dir/feature_tests.cxx.o -c /Users/davood/Documents/Programing_field/dpgHPC/primalDPG_HPC/cmake-build-debug/CMakeFiles/feature_tests.cxx
Linking CXX executable cmTC_0317d
/Applications/CLion.app/Contents/bin/cmake/mac/bin/cmake -E cmake_link_script CMakeFiles/cmTC_0317d.dir/link.txt --verbose=1
/usr/local/bin/g++-11  -std=c++11 -mfma -fopenmp  -isysroot /Applications/Xcode.app/Contents/Developer/Platforms/MacOSX.platform/Developer/SDKs/MacOSX11.1.sdk -mmacosx-version-min=10.15 -Wl,-search_paths_first -Wl,-headerpad_max_install_names   CMakeFiles/cmTC_0317d.dir/feature_tests.cxx.o  -o cmTC_0317d 
gmake[1]: Leaving directory '/Users/davood/Documents/Programing_field/dpgHPC/primalDPG_HPC/cmake-build-debug/CMakeFiles/CMakeTmp'


    Feature record: CXX_FEATURE:0cxx_aggregate_default_initializers
    Feature record: CXX_FEATURE:1cxx_alias_templates
    Feature record: CXX_FEATURE:1cxx_alignas
    Feature record: CXX_FEATURE:1cxx_alignof
    Feature record: CXX_FEATURE:1cxx_attributes
    Feature record: CXX_FEATURE:0cxx_attribute_deprecated
    Feature record: CXX_FEATURE:1cxx_auto_type
    Feature record: CXX_FEATURE:0cxx_binary_literals
    Feature record: CXX_FEATURE:1cxx_constexpr
    Feature record: CXX_FEATURE:0cxx_contextual_conversions
    Feature record: CXX_FEATURE:1cxx_decltype
    Feature record: CXX_FEATURE:0cxx_decltype_auto
    Feature record: CXX_FEATURE:1cxx_decltype_incomplete_return_types
    Feature record: CXX_FEATURE:1cxx_default_function_template_args
    Feature record: CXX_FEATURE:1cxx_defaulted_functions
    Feature record: CXX_FEATURE:1cxx_defaulted_move_initializers
    Feature record: CXX_FEATURE:1cxx_delegating_constructors
    Feature record: CXX_FEATURE:1cxx_deleted_functions
    Feature record: CXX_FEATURE:0cxx_digit_separators
    Feature record: CXX_FEATURE:1cxx_enum_forward_declarations
    Feature record: CXX_FEATURE:1cxx_explicit_conversions
    Feature record: CXX_FEATURE:1cxx_extended_friend_declarations
    Feature record: CXX_FEATURE:1cxx_extern_templates
    Feature record: CXX_FEATURE:1cxx_final
    Feature record: CXX_FEATURE:1cxx_func_identifier
    Feature record: CXX_FEATURE:1cxx_generalized_initializers
    Feature record: CXX_FEATURE:0cxx_generic_lambdas
    Feature record: CXX_FEATURE:1cxx_inheriting_constructors
    Feature record: CXX_FEATURE:1cxx_inline_namespaces
    Feature record: CXX_FEATURE:1cxx_lambdas
    Feature record: CXX_FEATURE:0cxx_lambda_init_captures
    Feature record: CXX_FEATURE:1cxx_local_type_template_args
    Feature record: CXX_FEATURE:1cxx_long_long_type
    Feature record: CXX_FEATURE:1cxx_noexcept
    Feature record: CXX_FEATURE:1cxx_nonstatic_member_init
    Feature record: CXX_FEATURE:1cxx_nullptr
    Feature record: CXX_FEATURE:1cxx_override
    Feature record: CXX_FEATURE:1cxx_range_for
    Feature record: CXX_FEATURE:1cxx_raw_string_literals
    Feature record: CXX_FEATURE:1cxx_reference_qualified_functions
    Feature record: CXX_FEATURE:0cxx_relaxed_constexpr
    Feature record: CXX_FEATURE:0cxx_return_type_deduction
    Feature record: CXX_FEATURE:1cxx_right_angle_brackets
    Feature record: CXX_FEATURE:1cxx_rvalue_references
    Feature record: CXX_FEATURE:1cxx_sizeof_member
    Feature record: CXX_FEATURE:1cxx_static_assert
    Feature record: CXX_FEATURE:1cxx_strong_enums
    Feature record: CXX_FEATURE:1cxx_template_template_parameters
    Feature record: CXX_FEATURE:1cxx_thread_local
    Feature record: CXX_FEATURE:1cxx_trailing_return_types
    Feature record: CXX_FEATURE:1cxx_unicode_literals
    Feature record: CXX_FEATURE:1cxx_uniform_initialization
    Feature record: CXX_FEATURE:1cxx_unrestricted_unions
    Feature record: CXX_FEATURE:1cxx_user_literals
    Feature record: CXX_FEATURE:0cxx_variable_templates
    Feature record: CXX_FEATURE:1cxx_variadic_macros
    Feature record: CXX_FEATURE:1cxx_variadic_templates


Detecting CXX [-std=c++98] compiler features compiled with the following output:
Change Dir: /Users/davood/Documents/Programing_field/dpgHPC/primalDPG_HPC/cmake-build-debug/CMakeFiles/CMakeTmp

Run Build Command(s):/usr/local/bin/gmake cmTC_d6d9c/fast 
/usr/local/bin/gmake -f CMakeFiles/cmTC_d6d9c.dir/build.make CMakeFiles/cmTC_d6d9c.dir/build
gmake[1]: Entering directory '/Users/davood/Documents/Programing_field/dpgHPC/primalDPG_HPC/cmake-build-debug/CMakeFiles/CMakeTmp'
Building CXX object CMakeFiles/cmTC_d6d9c.dir/feature_tests.cxx.o
/usr/local/bin/g++-11    -std=c++11 -mfma -fopenmp  -isysroot /Applications/Xcode.app/Contents/Developer/Platforms/MacOSX.platform/Developer/SDKs/MacOSX11.1.sdk -mmacosx-version-min=10.15   -std=c++98 -o CMakeFiles/cmTC_d6d9c.dir/feature_tests.cxx.o -c /Users/davood/Documents/Programing_field/dpgHPC/primalDPG_HPC/cmake-build-debug/CMakeFiles/feature_tests.cxx
Linking CXX executable cmTC_d6d9c
/Applications/CLion.app/Contents/bin/cmake/mac/bin/cmake -E cmake_link_script CMakeFiles/cmTC_d6d9c.dir/link.txt --verbose=1
/usr/local/bin/g++-11  -std=c++11 -mfma -fopenmp  -isysroot /Applications/Xcode.app/Contents/Developer/Platforms/MacOSX.platform/Developer/SDKs/MacOSX11.1.sdk -mmacosx-version-min=10.15 -Wl,-search_paths_first -Wl,-headerpad_max_install_names   CMakeFiles/cmTC_d6d9c.dir/feature_tests.cxx.o  -o cmTC_d6d9c 
gmake[1]: Leaving directory '/Users/davood/Documents/Programing_field/dpgHPC/primalDPG_HPC/cmake-build-debug/CMakeFiles/CMakeTmp'


    Feature record: CXX_FEATURE:0cxx_aggregate_default_initializers
    Feature record: CXX_FEATURE:0cxx_alias_templates
    Feature record: CXX_FEATURE:0cxx_alignas
    Feature record: CXX_FEATURE:0cxx_alignof
    Feature record: CXX_FEATURE:0cxx_attributes
    Feature record: CXX_FEATURE:0cxx_attribute_deprecated
    Feature record: CXX_FEATURE:0cxx_auto_type
    Feature record: CXX_FEATURE:0cxx_binary_literals
    Feature record: CXX_FEATURE:0cxx_constexpr
    Feature record: CXX_FEATURE:0cxx_contextual_conversions
    Feature record: CXX_FEATURE:0cxx_decltype
    Feature record: CXX_FEATURE:0cxx_decltype_auto
    Feature record: CXX_FEATURE:0cxx_decltype_incomplete_return_types
    Feature record: CXX_FEATURE:0cxx_default_function_template_args
    Feature record: CXX_FEATURE:0cxx_defaulted_functions
    Feature record: CXX_FEATURE:0cxx_defaulted_move_initializers
    Feature record: CXX_FEATURE:0cxx_delegating_constructors
    Feature record: CXX_FEATURE:0cxx_deleted_functions
    Feature record: CXX_FEATURE:0cxx_digit_separators
    Feature record: CXX_FEATURE:0cxx_enum_forward_declarations
    Feature record: CXX_FEATURE:0cxx_explicit_conversions
    Feature record: CXX_FEATURE:0cxx_extended_friend_declarations
    Feature record: CXX_FEATURE:0cxx_extern_templates
    Feature record: CXX_FEATURE:0cxx_final
    Feature record: CXX_FEATURE:0cxx_func_identifier
    Feature record: CXX_FEATURE:0cxx_generalized_initializers
    Feature record: CXX_FEATURE:0cxx_generic_lambdas
    Feature record: CXX_FEATURE:0cxx_inheriting_constructors
    Feature record: CXX_FEATURE:0cxx_inline_namespaces
    Feature record: CXX_FEATURE:0cxx_lambdas
    Feature record: CXX_FEATURE:0cxx_lambda_init_captures
    Feature record: CXX_FEATURE:0cxx_local_type_template_args
    Feature record: CXX_FEATURE:0cxx_long_long_type
    Feature record: CXX_FEATURE:0cxx_noexcept
    Feature record: CXX_FEATURE:0cxx_nonstatic_member_init
    Feature record: CXX_FEATURE:0cxx_nullptr
    Feature record: CXX_FEATURE:0cxx_override
    Feature record: CXX_FEATURE:0cxx_range_for
    Feature record: CXX_FEATURE:0cxx_raw_string_literals
    Feature record: CXX_FEATURE:0cxx_reference_qualified_functions
    Feature record: CXX_FEATURE:0cxx_relaxed_constexpr
    Feature record: CXX_FEATURE:0cxx_return_type_deduction
    Feature record: CXX_FEATURE:0cxx_right_angle_brackets
    Feature record: CXX_FEATURE:0cxx_rvalue_references
    Feature record: CXX_FEATURE:0cxx_sizeof_member
    Feature record: CXX_FEATURE:0cxx_static_assert
    Feature record: CXX_FEATURE:0cxx_strong_enums
    Feature record: CXX_FEATURE:1cxx_template_template_parameters
    Feature record: CXX_FEATURE:0cxx_thread_local
    Feature record: CXX_FEATURE:0cxx_trailing_return_types
    Feature record: CXX_FEATURE:0cxx_unicode_literals
    Feature record: CXX_FEATURE:0cxx_uniform_initialization
    Feature record: CXX_FEATURE:0cxx_unrestricted_unions
    Feature record: CXX_FEATURE:0cxx_user_literals
    Feature record: CXX_FEATURE:0cxx_variable_templates
    Feature record: CXX_FEATURE:0cxx_variadic_macros
    Feature record: CXX_FEATURE:0cxx_variadic_templates
